2021-04-20 02:25:46 DEBUG RequestAddCookies:123 - CookieSpec selected: default
2021-04-20 02:25:46 DEBUG RequestAuthCache:77 - Auth cache not set in the context
2021-04-20 02:25:46 DEBUG PoolingHttpClientConnectionManager:265 - Connection request: [route: {s}->https://accounts.google.com:443][total kept alive: 0; route allocated: 0 of 100; total allocated: 0 of 200]
2021-04-20 02:25:46 DEBUG PoolingHttpClientConnectionManager:309 - Connection leased: [id: 0][route: {s}->https://accounts.google.com:443][total kept alive: 0; route allocated: 1 of 100; total allocated: 1 of 200]
2021-04-20 02:25:46 DEBUG MainClientExec:235 - Opening connection {s}->https://accounts.google.com:443
2021-04-20 02:25:46 DEBUG DefaultHttpClientConnectionOperator:139 - Connecting to accounts.google.com/172.217.161.141:443
2021-04-20 02:25:46 DEBUG SSLConnectionSocketFactory:337 - Connecting socket to accounts.google.com/172.217.161.141:443 with timeout 0
2021-04-20 02:25:47 DEBUG SSLConnectionSocketFactory:390 - Enabled protocols: [TLSv1.2, TLSv1.1, TLSv1]
2021-04-20 02:25:47 DEBUG SSLConnectionSocketFactory:391 - Enabled cipher suites:[TLS_ECDHE_ECDSA_WITH_AES_256_GCM_SHA384, TLS_ECDHE_ECDSA_WITH_AES_128_GCM_SHA256, TLS_ECDHE_RSA_WITH_AES_256_GCM_SHA384, TLS_RSA_WITH_AES_256_GCM_SHA384, TLS_ECDH_ECDSA_WITH_AES_256_GCM_SHA384, TLS_ECDH_RSA_WITH_AES_256_GCM_SHA384, TLS_DHE_RSA_WITH_AES_256_GCM_SHA384, TLS_DHE_DSS_WITH_AES_256_GCM_SHA384, TLS_ECDHE_RSA_WITH_AES_128_GCM_SHA256, TLS_RSA_WITH_AES_128_GCM_SHA256, TLS_ECDH_ECDSA_WITH_AES_128_GCM_SHA256, TLS_ECDH_RSA_WITH_AES_128_GCM_SHA256, TLS_DHE_RSA_WITH_AES_128_GCM_SHA256, TLS_DHE_DSS_WITH_AES_128_GCM_SHA256, TLS_ECDHE_ECDSA_WITH_AES_256_CBC_SHA384, TLS_ECDHE_RSA_WITH_AES_256_CBC_SHA384, TLS_RSA_WITH_AES_256_CBC_SHA256, TLS_ECDH_ECDSA_WITH_AES_256_CBC_SHA384, TLS_ECDH_RSA_WITH_AES_256_CBC_SHA384, TLS_DHE_RSA_WITH_AES_256_CBC_SHA256, TLS_DHE_DSS_WITH_AES_256_CBC_SHA256, TLS_ECDHE_ECDSA_WITH_AES_256_CBC_SHA, TLS_ECDHE_RSA_WITH_AES_256_CBC_SHA, TLS_RSA_WITH_AES_256_CBC_SHA, TLS_ECDH_ECDSA_WITH_AES_256_CBC_SHA, TLS_ECDH_RSA_WITH_AES_256_CBC_SHA, TLS_DHE_RSA_WITH_AES_256_CBC_SHA, TLS_DHE_DSS_WITH_AES_256_CBC_SHA, TLS_ECDHE_ECDSA_WITH_AES_128_CBC_SHA256, TLS_ECDHE_RSA_WITH_AES_128_CBC_SHA256, TLS_RSA_WITH_AES_128_CBC_SHA256, TLS_ECDH_ECDSA_WITH_AES_128_CBC_SHA256, TLS_ECDH_RSA_WITH_AES_128_CBC_SHA256, TLS_DHE_RSA_WITH_AES_128_CBC_SHA256, TLS_DHE_DSS_WITH_AES_128_CBC_SHA256, TLS_ECDHE_ECDSA_WITH_AES_128_CBC_SHA, TLS_ECDHE_RSA_WITH_AES_128_CBC_SHA, TLS_RSA_WITH_AES_128_CBC_SHA, TLS_ECDH_ECDSA_WITH_AES_128_CBC_SHA, TLS_ECDH_RSA_WITH_AES_128_CBC_SHA, TLS_DHE_RSA_WITH_AES_128_CBC_SHA, TLS_DHE_DSS_WITH_AES_128_CBC_SHA, TLS_EMPTY_RENEGOTIATION_INFO_SCSV]
2021-04-20 02:25:47 DEBUG SSLConnectionSocketFactory:395 - Starting handshake
2021-04-20 02:25:47 DEBUG SSLConnectionSocketFactory:425 - Secure session established
2021-04-20 02:25:47 DEBUG SSLConnectionSocketFactory:426 -  negotiated protocol: TLSv1.2
2021-04-20 02:25:47 DEBUG SSLConnectionSocketFactory:427 -  negotiated cipher suite: TLS_ECDHE_ECDSA_WITH_AES_128_GCM_SHA256
2021-04-20 02:25:47 DEBUG SSLConnectionSocketFactory:435 -  peer principal: CN=accounts.google.com, O=Google LLC, L=Mountain View, ST=California, C=US
2021-04-20 02:25:47 DEBUG SSLConnectionSocketFactory:444 -  peer alternative names: [accounts.google.com, *.partner.android.com]
2021-04-20 02:25:47 DEBUG SSLConnectionSocketFactory:448 -  issuer principal: CN=GTS CA 1O1, O=Google Trust Services, C=US
2021-04-20 02:25:47 DEBUG DefaultHttpClientConnectionOperator:146 - Connection established 192.168.1.14:56363<->172.217.161.141:443
2021-04-20 02:25:47 DEBUG MainClientExec:256 - Executing request POST /o/oauth2/token HTTP/1.1
2021-04-20 02:25:47 DEBUG MainClientExec:261 - Target auth state: UNCHALLENGED
2021-04-20 02:25:47 DEBUG MainClientExec:267 - Proxy auth state: UNCHALLENGED
2021-04-20 02:25:47 DEBUG headers:133 - http-outgoing-0 >> POST /o/oauth2/token HTTP/1.1
2021-04-20 02:25:47 DEBUG headers:136 - http-outgoing-0 >> Content-Length: 320
2021-04-20 02:25:47 DEBUG headers:136 - http-outgoing-0 >> Content-Type: application/x-www-form-urlencoded; charset=ISO-8859-1
2021-04-20 02:25:47 DEBUG headers:136 - http-outgoing-0 >> Host: accounts.google.com
2021-04-20 02:25:47 DEBUG headers:136 - http-outgoing-0 >> Connection: Keep-Alive
2021-04-20 02:25:47 DEBUG headers:136 - http-outgoing-0 >> User-Agent: Apache-HttpClient/4.5.5 (Java/1.8.0_281)
2021-04-20 02:25:47 DEBUG headers:136 - http-outgoing-0 >> Accept-Encoding: gzip,deflate
2021-04-20 02:25:47 DEBUG wire:73 - http-outgoing-0 >> "POST /o/oauth2/token HTTP/1.1[\r][\n]"
2021-04-20 02:25:47 DEBUG wire:73 - http-outgoing-0 >> "Content-Length: 320[\r][\n]"
2021-04-20 02:25:47 DEBUG wire:73 - http-outgoing-0 >> "Content-Type: application/x-www-form-urlencoded; charset=ISO-8859-1[\r][\n]"
2021-04-20 02:25:47 DEBUG wire:73 - http-outgoing-0 >> "Host: accounts.google.com[\r][\n]"
2021-04-20 02:25:47 DEBUG wire:73 - http-outgoing-0 >> "Connection: Keep-Alive[\r][\n]"
2021-04-20 02:25:47 DEBUG wire:73 - http-outgoing-0 >> "User-Agent: Apache-HttpClient/4.5.5 (Java/1.8.0_281)[\r][\n]"
2021-04-20 02:25:47 DEBUG wire:73 - http-outgoing-0 >> "Accept-Encoding: gzip,deflate[\r][\n]"
2021-04-20 02:25:47 DEBUG wire:73 - http-outgoing-0 >> "[\r][\n]"
2021-04-20 02:25:47 DEBUG wire:87 - http-outgoing-0 >> "client_id=99357018574-f5rf0s8jifbd3jsdob9q7o04bmii7g8q.apps.googleusercontent.com&client_secret=y3r4Cz5LKSRirVH_2gJzyXw9&redirect_uri=http%3A%2F%2Flocalhost%3A8084%2FMiniSocialNetwork%2FLoginByGoogleController&code=4%2F0AY0e-g4JK9_Ma_uOrBsy_hAvB0Ml6DEE-kbdQIsIxRtCAIoIBV2-bq4fi61RmuMpVpQAIQ&grant_type=authorization_code"
2021-04-20 02:25:47 DEBUG wire:73 - http-outgoing-0 << "HTTP/1.1 200 OK[\r][\n]"
2021-04-20 02:25:47 DEBUG wire:73 - http-outgoing-0 << "Date: Mon, 19 Apr 2021 19:25:47 GMT[\r][\n]"
2021-04-20 02:25:47 DEBUG wire:73 - http-outgoing-0 << "Pragma: no-cache[\r][\n]"
2021-04-20 02:25:47 DEBUG wire:73 - http-outgoing-0 << "Cache-Control: no-cache, no-store, max-age=0, must-revalidate[\r][\n]"
2021-04-20 02:25:47 DEBUG wire:73 - http-outgoing-0 << "Expires: Mon, 01 Jan 1990 00:00:00 GMT[\r][\n]"
2021-04-20 02:25:47 DEBUG wire:73 - http-outgoing-0 << "Content-Type: application/json; charset=utf-8[\r][\n]"
2021-04-20 02:25:47 DEBUG wire:73 - http-outgoing-0 << "Vary: Origin[\r][\n]"
2021-04-20 02:25:47 DEBUG wire:73 - http-outgoing-0 << "Vary: X-Origin[\r][\n]"
2021-04-20 02:25:47 DEBUG wire:73 - http-outgoing-0 << "Vary: Referer[\r][\n]"
2021-04-20 02:25:47 DEBUG wire:73 - http-outgoing-0 << "Content-Encoding: gzip[\r][\n]"
2021-04-20 02:25:47 DEBUG wire:73 - http-outgoing-0 << "Server: scaffolding on HTTPServer2[\r][\n]"
2021-04-20 02:25:47 DEBUG wire:73 - http-outgoing-0 << "X-XSS-Protection: 0[\r][\n]"
2021-04-20 02:25:47 DEBUG wire:73 - http-outgoing-0 << "X-Frame-Options: SAMEORIGIN[\r][\n]"
2021-04-20 02:25:47 DEBUG wire:73 - http-outgoing-0 << "X-Content-Type-Options: nosniff[\r][\n]"
2021-04-20 02:25:47 DEBUG wire:73 - http-outgoing-0 << "Alt-Svc: h3-29=":443"; ma=2592000,h3-T051=":443"; ma=2592000,h3-Q050=":443"; ma=2592000,h3-Q046=":443"; ma=2592000,h3-Q043=":443"; ma=2592000,quic=":443"; ma=2592000; v="46,43"[\r][\n]"
2021-04-20 02:25:47 DEBUG wire:73 - http-outgoing-0 << "Transfer-Encoding: chunked[\r][\n]"
2021-04-20 02:25:47 DEBUG wire:73 - http-outgoing-0 << "[\r][\n]"
2021-04-20 02:25:47 DEBUG wire:73 - http-outgoing-0 << "00000001[\r][\n]"
2021-04-20 02:25:47 DEBUG wire:73 - http-outgoing-0 << "[0x1f][\r][\n]"
2021-04-20 02:25:47 DEBUG wire:73 - http-outgoing-0 << "00000001[\r][\n]"
2021-04-20 02:25:47 DEBUG wire:73 - http-outgoing-0 << "[0x8b][\r][\n]"
2021-04-20 02:25:47 DEBUG wire:73 - http-outgoing-0 << "00000001[\r][\n]"
2021-04-20 02:25:47 DEBUG wire:73 - http-outgoing-0 << "[0x8][\r][\n]"
2021-04-20 02:25:47 DEBUG wire:73 - http-outgoing-0 << "00000001[\r][\n]"
2021-04-20 02:25:47 DEBUG wire:73 - http-outgoing-0 << "[0x0][\r][\n]"
2021-04-20 02:25:47 DEBUG wire:73 - http-outgoing-0 << "00000001[\r][\n]"
2021-04-20 02:25:47 DEBUG wire:73 - http-outgoing-0 << "[0x0][\r][\n]"
2021-04-20 02:25:47 DEBUG wire:73 - http-outgoing-0 << "01[\r][\n]"
2021-04-20 02:25:47 DEBUG wire:73 - http-outgoing-0 << "[0x0][\r][\n]"
2021-04-20 02:25:47 DEBUG wire:73 - http-outgoing-0 << "3b8[\r][\n]"
2021-04-20 02:25:47 DEBUG wire:87 - http-outgoing-0 << "[0x0][0x0][0x2][0xff]u[0x92]K[0x97][0xa2]:[0x14][0x85][0xe7][0xfd]+j[0xd5][0xf8]Z[0xc5][0xc3][0xa8][0xf4][0x8c][0x97][0x18][0x8b][0x87]( d[0xe2][0x82][0x80][0x10][0x9e]Q@[0x84]^[0xf7][0xbf]_[0xac][0x1a][0xf4][0xe8][0xe]2[0xc9]9[0xd9]g[0xfb][0xe4][0xcf][0xaf][0xb7][0xb7][0xf7][0x10][0xe3][0xa4]m/]S$[0xf5][0xfb][0xef][0xb7][0xf7]1[0xe4][0x84][0x8f][0x90][0x11][0xaf][0xbb][0xd5][0xc9][0x10][0xa7]"[0xf5]4E[0xd4][0x99][0xee][0xb1]q{([0xf0][0xb4];[0x88][0xa9][0x15][0x83]<[0xbc][0x1d][0x84]*a[0xa3][0x1c]z[0xd4]k[0xef][0xd1]F[0xbd]2z[0x8e][0xd1][0xee]t[0x12][0x1d][0xcb]Y;[0xa9]}[0x85][0xfb][0xb2]n[0x9e]I[0xb4][0xd6]x[0xde][0xca][0xaa][0x5][0xef][0xbb][0xc]EJ[0x8c]%S[0xba]$[0xb8][0x90]E[0xc4][0xf7][0x7]x[\r][0xb4][0xa3][0xb1]Y[0x4]w[0xaf][0x11]u[0xba]v[0x1f][0x96][0xb1][0xb0][0x1b][0xba][0x9a]|[0x8a][[0xe][0x9f][0xc9][0xe9][0xac][0x9e]({}Z[0xdc][0xaa][0x10][0xd0][0xf5][0xfd][0x9f][0x97][0xf1][0xe4]I[0xc9]=i/[0xe4]e[0x9b][0x7][0x82][0xf0]}[0xdb][0xe2][0x86]&/[0x8e][0xac][0xeb]h[0xfb][0xfb][0xf3]s[0x18][0x86][0x8f][0xb4]i[0xd2]2[0x9])i?pS}[0x86]}[0x97]}[0xf6]mr'[0xf5][0xb5][0xf9]H[0xaa][0x90][0x94]o[0xf3][0xab][0x9a][0xc4]?[0xca][0xdf]Y\[0xba][0xf1]GHJ[0xc2]{r[0xff][0xa9][0x90][0xf8]oP[0xc9][0xb8][0xcf]"[\r][0x13][0x8b][0xec]O[0xee][0x4]Y[0x93][0xc0][0x16]V[0x1d]E2\[0xc1][0xea]XZ[0x8e][0xcb][0x9a][0xd5][0xb6]0[0x95]`i([0xc6][0xd3][0xa8][0xe6][0xe3][0xc4][0x19][0xaa][0xb6]%[0xca]!0r[0xa9]2[0xcf][0x1][0xb0][0xce]*[0x13]L[0x18][0xa0][0xca]&[0xba][0xbc]g[0x12]_|i~y[0xac]M[0xae][0xf6][0xc7]<[0x86]b[0xde]x]e[0x1]g>[0xe2]3`[0xf0][0x8][0xea][0x88][0x13][0xea]Hs[0xfb][0x80][0x13]:H[0x6][0x12][0xf8]t[0x80]yC,[0xa7][0x98]L[0x7][0xf][0x86][0x93][0xb2][0xe6]dw([0xf7]F[0x94]K[0x93][0xa5]Q[0x8a][0xaa]}aptB[0x9a]@,_[0xe5][0xa3]Id[0x82][0x8a][0xa5][0xa1][0x13][0xd7][0xd6]N[0xed][0x3]_[0x1a][0xfe]j{,[0xe6][0xbc]q[0xd6][0xef]c[0xcd][0xeb]c[0x19][0xe4][0x11][0xc7][0xbc],f[0xf1][0xd9][0x9e][0xfd]@`9[0xc6]<C|Z[0x8a][0xcb][0x9b]2[[0x99][0xfe][0xbe]2v[0xc6]2[0xac][0xca]*[0xa8][0xec])[0xac][0xcd]"[0xe2] [0xc0]N[0xfc]0[0x94]#[0x89][0xce]%59[0xbc][0xc4]'[0x90][0xe1][0x9d]4[0xe9]U[0xfc][0x88][0xb8][0xb8]E[0xbe]7!?[0xeb][0x3][0x6][0xcd]|ze>[0xa2][0xd3][0x1c]gm[0xb2][0x1][0x99][0xe3][0xcc][0xd5][0x99][0xa7]X[0xbe]f[0x99]9\[0xce][0x8c][0xac][0x99][0xcf]q*[0xe9][0xd3]z[0xf5]UY[0xf1]bG[0xb5]4[0xbf][0xf5][0x8a][0xf8][0x4][0xb8][0xe8]{[0x1d]^[0x17][0x9c][0xcb][0xf6]U[0x8b][0xb4]m[0x1f]i[0xa0][0xc1][0x9c][0xfb]4[0x15][0x11][0x98][0xf9]V[0xfc][0xbf]~[0x9f]G%[0x9e][0x19][0xc2][0xb3]7[0xeb]R[0x6][0xd7]^[0xf9][0xcd][0xbd][0x15][0x9a][0xc0]7[0x9b][0x97]^[0xe2]b[0xc6][0xe7][0xb2]![0xf0][0xb][0xe]i@[0xd7]][0xf6][0x86]kc[0x89]Fvt[0xbf]=[0x95]Y<[0x5][0xc3][0x9][0xe6]|Rn[0xfe][0x2][0x8c]9[0xe][0x4][0xf9][0xd9]kO3[0x87][0xba][0xb4][0x94]`[0xb2]"
2021-04-20 02:25:47 DEBUG headers:122 - http-outgoing-0 << HTTP/1.1 200 OK
2021-04-20 02:25:47 DEBUG headers:125 - http-outgoing-0 << Date: Mon, 19 Apr 2021 19:25:47 GMT
2021-04-20 02:25:47 DEBUG headers:125 - http-outgoing-0 << Pragma: no-cache
2021-04-20 02:25:47 DEBUG headers:125 - http-outgoing-0 << Cache-Control: no-cache, no-store, max-age=0, must-revalidate
2021-04-20 02:25:47 DEBUG headers:125 - http-outgoing-0 << Expires: Mon, 01 Jan 1990 00:00:00 GMT
2021-04-20 02:25:47 DEBUG headers:125 - http-outgoing-0 << Content-Type: application/json; charset=utf-8
2021-04-20 02:25:47 DEBUG headers:125 - http-outgoing-0 << Vary: Origin
2021-04-20 02:25:47 DEBUG headers:125 - http-outgoing-0 << Vary: X-Origin
2021-04-20 02:25:47 DEBUG headers:125 - http-outgoing-0 << Vary: Referer
2021-04-20 02:25:47 DEBUG headers:125 - http-outgoing-0 << Content-Encoding: gzip
2021-04-20 02:25:47 DEBUG headers:125 - http-outgoing-0 << Server: scaffolding on HTTPServer2
2021-04-20 02:25:47 DEBUG headers:125 - http-outgoing-0 << X-XSS-Protection: 0
2021-04-20 02:25:47 DEBUG headers:125 - http-outgoing-0 << X-Frame-Options: SAMEORIGIN
2021-04-20 02:25:47 DEBUG headers:125 - http-outgoing-0 << X-Content-Type-Options: nosniff
2021-04-20 02:25:47 DEBUG headers:125 - http-outgoing-0 << Alt-Svc: h3-29=":443"; ma=2592000,h3-T051=":443"; ma=2592000,h3-Q050=":443"; ma=2592000,h3-Q046=":443"; ma=2592000,h3-Q043=":443"; ma=2592000,quic=":443"; ma=2592000; v="46,43"
2021-04-20 02:25:47 DEBUG headers:125 - http-outgoing-0 << Transfer-Encoding: chunked
2021-04-20 02:25:47 DEBUG MainClientExec:285 - Connection can be kept alive indefinitely
2021-04-20 02:25:47 DEBUG wire:73 - http-outgoing-0 << "[0x1c][0x9b][0x9f][0xd7],[0x1e][0x12]u[0x84]d[0xa5]_[0xc0]\T[0x91]>[0xd5][0xca][0xa4][0x86][0xce][0xb8][0xec][0x86][7^![0xd8][0xb1]g'[0xd4][0xf4][0x1a][0xcb][0xa8][\n]"
2021-04-20 02:25:47 DEBUG wire:73 - http-outgoing-0 << "y[0x95][0x17][0xbb][0xe3]a[0xda][0xb5][0xe9]E[0x9b][0xe]H[0x89]<[0xf9][0xe2]n[0x17][0x97]V1[0x9c][0x1c][0x15][0xca]B[0xb3]{Z[0xeb]V[0xb0][0x1f][0xf][0xe8][0xb][0xe][\r]'[0xaf][0xf4]C[0x1b][0xfb][0xfa][0x1e][0xf][0xd4][0x91]([0xb][0xc5][0xc5][0x19]n{5Y[0xe6]Q[0x93]HC[0xbe][0xb0][0x4]JXpZ[0xab]g[0xfb][0x1a]-[0xa7]-(}[0x12]d[0xf0]PD [0xd3]v[0x97]q[0x86][0xcc][0x1]r[0xa3][0x94][0x1e]`[0xb4][0xf1]w7*[0x5]5;[0x1c]S[0x83][0xe4][0xdc][0xfa][0x98]GTw6[0xfc][0xb1])[0xc7]x;[0xf8][0x97][\r][0x90]o_[0xee][0xf6]&[0xa7][0xd2][0xa2][0x1][0xbb][0xf0][0x6][0xc1][0xa6][0xe7]l[0xe2]?d\~[0xd9][0x97]f[0x13]e[0xe6][0x82][0xbd]K[\n]"
2021-04-20 02:25:47 DEBUG wire:73 - http-outgoing-0 << "[0xba][0xde][0xc5][0xba][0xec]5Up[0xf]eZm[0xd7][0x1b][0xe9][0x94]0Q[0xb1][0xda][0xc8]s[0xe2]z[0xc7]+[0xf9][0xa5][0x9]y[0xfa]:[0xf2][0xe2][0xc4][0xc3][0x83][0xbb][0xf5]e[0xba][0x81][0xeb][0xe8][0xbe]J[0x9b]%[0x10][0xbb]R[0xb9][0x92][0x9b][0xef][0xec]*[0xcf][0xc2]x[0x1b][0x9]4[0x87],[0xc9][0xd2][0xf7]_[0xff][0xfe][0x7][0xaa][0xd0][0x11].[0xe5][0x4][0x0][0x0][\r][\n]"
2021-04-20 02:25:47 DEBUG wire:73 - http-outgoing-0 << "0[\r][\n]"
2021-04-20 02:25:47 DEBUG wire:73 - http-outgoing-0 << "[\r][\n]"
2021-04-20 02:25:47 DEBUG PoolingHttpClientConnectionManager:341 - Connection [id: 0][route: {s}->https://accounts.google.com:443] can be kept alive indefinitely
2021-04-20 02:25:47 DEBUG DefaultManagedHttpClientConnection:88 - http-outgoing-0: set socket timeout to 0
2021-04-20 02:25:47 DEBUG PoolingHttpClientConnectionManager:348 - Connection released: [id: 0][route: {s}->https://accounts.google.com:443][total kept alive: 1; route allocated: 1 of 100; total allocated: 1 of 200]
2021-04-20 02:25:47 DEBUG RequestAddCookies:123 - CookieSpec selected: default
2021-04-20 02:25:47 DEBUG RequestAuthCache:77 - Auth cache not set in the context
2021-04-20 02:25:47 DEBUG PoolingHttpClientConnectionManager:265 - Connection request: [route: {s}->https://www.googleapis.com:443][total kept alive: 1; route allocated: 0 of 100; total allocated: 1 of 200]
2021-04-20 02:25:47 DEBUG PoolingHttpClientConnectionManager:309 - Connection leased: [id: 1][route: {s}->https://www.googleapis.com:443][total kept alive: 1; route allocated: 1 of 100; total allocated: 2 of 200]
2021-04-20 02:25:47 DEBUG MainClientExec:235 - Opening connection {s}->https://www.googleapis.com:443
2021-04-20 02:25:47 DEBUG DefaultHttpClientConnectionOperator:139 - Connecting to www.googleapis.com/172.217.24.42:443
2021-04-20 02:25:47 DEBUG SSLConnectionSocketFactory:337 - Connecting socket to www.googleapis.com/172.217.24.42:443 with timeout 0
2021-04-20 02:25:47 DEBUG SSLConnectionSocketFactory:390 - Enabled protocols: [TLSv1.2, TLSv1.1, TLSv1]
2021-04-20 02:25:47 DEBUG SSLConnectionSocketFactory:391 - Enabled cipher suites:[TLS_ECDHE_ECDSA_WITH_AES_256_GCM_SHA384, TLS_ECDHE_ECDSA_WITH_AES_128_GCM_SHA256, TLS_ECDHE_RSA_WITH_AES_256_GCM_SHA384, TLS_RSA_WITH_AES_256_GCM_SHA384, TLS_ECDH_ECDSA_WITH_AES_256_GCM_SHA384, TLS_ECDH_RSA_WITH_AES_256_GCM_SHA384, TLS_DHE_RSA_WITH_AES_256_GCM_SHA384, TLS_DHE_DSS_WITH_AES_256_GCM_SHA384, TLS_ECDHE_RSA_WITH_AES_128_GCM_SHA256, TLS_RSA_WITH_AES_128_GCM_SHA256, TLS_ECDH_ECDSA_WITH_AES_128_GCM_SHA256, TLS_ECDH_RSA_WITH_AES_128_GCM_SHA256, TLS_DHE_RSA_WITH_AES_128_GCM_SHA256, TLS_DHE_DSS_WITH_AES_128_GCM_SHA256, TLS_ECDHE_ECDSA_WITH_AES_256_CBC_SHA384, TLS_ECDHE_RSA_WITH_AES_256_CBC_SHA384, TLS_RSA_WITH_AES_256_CBC_SHA256, TLS_ECDH_ECDSA_WITH_AES_256_CBC_SHA384, TLS_ECDH_RSA_WITH_AES_256_CBC_SHA384, TLS_DHE_RSA_WITH_AES_256_CBC_SHA256, TLS_DHE_DSS_WITH_AES_256_CBC_SHA256, TLS_ECDHE_ECDSA_WITH_AES_256_CBC_SHA, TLS_ECDHE_RSA_WITH_AES_256_CBC_SHA, TLS_RSA_WITH_AES_256_CBC_SHA, TLS_ECDH_ECDSA_WITH_AES_256_CBC_SHA, TLS_ECDH_RSA_WITH_AES_256_CBC_SHA, TLS_DHE_RSA_WITH_AES_256_CBC_SHA, TLS_DHE_DSS_WITH_AES_256_CBC_SHA, TLS_ECDHE_ECDSA_WITH_AES_128_CBC_SHA256, TLS_ECDHE_RSA_WITH_AES_128_CBC_SHA256, TLS_RSA_WITH_AES_128_CBC_SHA256, TLS_ECDH_ECDSA_WITH_AES_128_CBC_SHA256, TLS_ECDH_RSA_WITH_AES_128_CBC_SHA256, TLS_DHE_RSA_WITH_AES_128_CBC_SHA256, TLS_DHE_DSS_WITH_AES_128_CBC_SHA256, TLS_ECDHE_ECDSA_WITH_AES_128_CBC_SHA, TLS_ECDHE_RSA_WITH_AES_128_CBC_SHA, TLS_RSA_WITH_AES_128_CBC_SHA, TLS_ECDH_ECDSA_WITH_AES_128_CBC_SHA, TLS_ECDH_RSA_WITH_AES_128_CBC_SHA, TLS_DHE_RSA_WITH_AES_128_CBC_SHA, TLS_DHE_DSS_WITH_AES_128_CBC_SHA, TLS_EMPTY_RENEGOTIATION_INFO_SCSV]
2021-04-20 02:25:47 DEBUG SSLConnectionSocketFactory:395 - Starting handshake
2021-04-20 02:25:47 DEBUG SSLConnectionSocketFactory:425 - Secure session established
2021-04-20 02:25:47 DEBUG SSLConnectionSocketFactory:426 -  negotiated protocol: TLSv1.2
2021-04-20 02:25:47 DEBUG SSLConnectionSocketFactory:427 -  negotiated cipher suite: TLS_ECDHE_ECDSA_WITH_AES_128_GCM_SHA256
2021-04-20 02:25:47 DEBUG SSLConnectionSocketFactory:435 -  peer principal: CN=upload.video.google.com, O=Google LLC, L=Mountain View, ST=California, C=US
2021-04-20 02:25:47 DEBUG SSLConnectionSocketFactory:444 -  peer alternative names: [upload.video.google.com, *.clients.google.com, *.docs.google.com, *.drive.google.com, *.gdata.youtube.com, *.googleapis.com, *.photos.google.com, *.upload.google.com, *.upload.youtube.com, *.youtube-3rd-party.com, bg-call-donation-alpha.goog, bg-call-donation-canary.goog, bg-call-donation-dev.goog, bg-call-donation.goog, upload.google.com, upload.youtube.com, uploads.stage.gdata.youtube.com]
2021-04-20 02:25:47 DEBUG SSLConnectionSocketFactory:448 -  issuer principal: CN=GTS CA 1O1, O=Google Trust Services, C=US
2021-04-20 02:25:47 DEBUG DefaultHttpClientConnectionOperator:146 - Connection established 192.168.1.14:56364<->172.217.24.42:443
2021-04-20 02:25:47 DEBUG MainClientExec:256 - Executing request GET /oauth2/v1/userinfo?access_token=ya29.a0AfH6SMAzkgVGDAL0tv8UuI93ptPAgOd5jaqP9me1bjIVpVsrb8Ef0LjcZHSSATOT7TgQfIJlnoxeb7G33Ohm-3XU0pZDdcBNB_eckCAZ3uPIfYGRM8-YrVoALp7UvOM-Qop6zXpcs2cWiSWESp1fxO26k9Zf HTTP/1.1
2021-04-20 02:25:47 DEBUG MainClientExec:261 - Target auth state: UNCHALLENGED
2021-04-20 02:25:47 DEBUG MainClientExec:267 - Proxy auth state: UNCHALLENGED
2021-04-20 02:25:47 DEBUG headers:133 - http-outgoing-1 >> GET /oauth2/v1/userinfo?access_token=ya29.a0AfH6SMAzkgVGDAL0tv8UuI93ptPAgOd5jaqP9me1bjIVpVsrb8Ef0LjcZHSSATOT7TgQfIJlnoxeb7G33Ohm-3XU0pZDdcBNB_eckCAZ3uPIfYGRM8-YrVoALp7UvOM-Qop6zXpcs2cWiSWESp1fxO26k9Zf HTTP/1.1
2021-04-20 02:25:47 DEBUG headers:136 - http-outgoing-1 >> Host: www.googleapis.com
2021-04-20 02:25:47 DEBUG headers:136 - http-outgoing-1 >> Connection: Keep-Alive
2021-04-20 02:25:47 DEBUG headers:136 - http-outgoing-1 >> User-Agent: Apache-HttpClient/4.5.5 (Java/1.8.0_281)
2021-04-20 02:25:47 DEBUG headers:136 - http-outgoing-1 >> Accept-Encoding: gzip,deflate
2021-04-20 02:25:47 DEBUG wire:73 - http-outgoing-1 >> "GET /oauth2/v1/userinfo?access_token=ya29.a0AfH6SMAzkgVGDAL0tv8UuI93ptPAgOd5jaqP9me1bjIVpVsrb8Ef0LjcZHSSATOT7TgQfIJlnoxeb7G33Ohm-3XU0pZDdcBNB_eckCAZ3uPIfYGRM8-YrVoALp7UvOM-Qop6zXpcs2cWiSWESp1fxO26k9Zf HTTP/1.1[\r][\n]"
2021-04-20 02:25:47 DEBUG wire:73 - http-outgoing-1 >> "Host: www.googleapis.com[\r][\n]"
2021-04-20 02:25:47 DEBUG wire:73 - http-outgoing-1 >> "Connection: Keep-Alive[\r][\n]"
2021-04-20 02:25:47 DEBUG wire:73 - http-outgoing-1 >> "User-Agent: Apache-HttpClient/4.5.5 (Java/1.8.0_281)[\r][\n]"
2021-04-20 02:25:47 DEBUG wire:73 - http-outgoing-1 >> "Accept-Encoding: gzip,deflate[\r][\n]"
2021-04-20 02:25:47 DEBUG wire:73 - http-outgoing-1 >> "[\r][\n]"
2021-04-20 02:25:47 DEBUG wire:73 - http-outgoing-1 << "HTTP/1.1 200 OK[\r][\n]"
2021-04-20 02:25:47 DEBUG wire:73 - http-outgoing-1 << "Expires: Mon, 01 Jan 1990 00:00:00 GMT[\r][\n]"
2021-04-20 02:25:47 DEBUG wire:73 - http-outgoing-1 << "Cache-Control: no-cache, no-store, max-age=0, must-revalidate[\r][\n]"
2021-04-20 02:25:47 DEBUG wire:73 - http-outgoing-1 << "Pragma: no-cache[\r][\n]"
2021-04-20 02:25:47 DEBUG wire:73 - http-outgoing-1 << "Date: Mon, 19 Apr 2021 19:25:48 GMT[\r][\n]"
2021-04-20 02:25:47 DEBUG wire:73 - http-outgoing-1 << "Content-Type: application/json; charset=UTF-8[\r][\n]"
2021-04-20 02:25:47 DEBUG wire:73 - http-outgoing-1 << "Vary: Origin[\r][\n]"
2021-04-20 02:25:47 DEBUG wire:73 - http-outgoing-1 << "Vary: X-Origin[\r][\n]"
2021-04-20 02:25:47 DEBUG wire:73 - http-outgoing-1 << "Vary: Referer[\r][\n]"
2021-04-20 02:25:47 DEBUG wire:73 - http-outgoing-1 << "Content-Encoding: gzip[\r][\n]"
2021-04-20 02:25:47 DEBUG wire:73 - http-outgoing-1 << "Server: ESF[\r][\n]"
2021-04-20 02:25:47 DEBUG wire:73 - http-outgoing-1 << "X-XSS-Protection: 0[\r][\n]"
2021-04-20 02:25:47 DEBUG wire:73 - http-outgoing-1 << "X-Frame-Options: SAMEORIGIN[\r][\n]"
2021-04-20 02:25:47 DEBUG wire:73 - http-outgoing-1 << "X-Content-Type-Options: nosniff[\r][\n]"
2021-04-20 02:25:47 DEBUG wire:73 - http-outgoing-1 << "Alt-Svc: h3-29=":443"; ma=2592000,h3-T051=":443"; ma=2592000,h3-Q050=":443"; ma=2592000,h3-Q046=":443"; ma=2592000,h3-Q043=":443"; ma=2592000,quic=":443"; ma=2592000; v="46,43"[\r][\n]"
2021-04-20 02:25:47 DEBUG wire:73 - http-outgoing-1 << "Transfer-Encoding: chunked[\r][\n]"
2021-04-20 02:25:47 DEBUG wire:73 - http-outgoing-1 << "[\r][\n]"
2021-04-20 02:25:47 DEBUG wire:73 - http-outgoing-1 << "00000001[\r][\n]"
2021-04-20 02:25:47 DEBUG wire:73 - http-outgoing-1 << "[0x1f][\r][\n]"
2021-04-20 02:25:47 DEBUG wire:73 - http-outgoing-1 << "00000001[\r][\n]"
2021-04-20 02:25:47 DEBUG wire:73 - http-outgoing-1 << "[0x8b][\r][\n]"
2021-04-20 02:25:47 DEBUG wire:73 - http-outgoing-1 << "00000001[\r][\n]"
2021-04-20 02:25:47 DEBUG wire:73 - http-outgoing-1 << "[0x8][\r][\n]"
2021-04-20 02:25:47 DEBUG wire:73 - http-outgoing-1 << "00000001[\r][\n]"
2021-04-20 02:25:47 DEBUG wire:73 - http-outgoing-1 << "[0x0][\r][\n]"
2021-04-20 02:25:47 DEBUG wire:73 - http-outgoing-1 << "0001[\r][\n]"
2021-04-20 02:25:47 DEBUG wire:73 - http-outgoing-1 << "[0x0][\r][\n]"
2021-04-20 02:25:47 DEBUG wire:73 - http-outgoing-1 << "c8[\r][\n]"
2021-04-20 02:25:47 DEBUG wire:73 - http-outgoing-1 << "[0x0][0x0][0x0][0x2][0xff]M[0x8f]M[0x8b][0xc2]0[0x14]E[0xf7][0xfd][0x15][0xa5][0xeb][0xb1][0xed][0xf3][0xa3]6[0xc2][0xc0][0xcc]F[0x19]dP[0xc4][0x85][0xae]J'y5[0x19]bZ^^[0x14][0x14][0xff][0xbb]T[0x11]\[0xdf]s/[0xe7]^[0xa3]8N[0x8c]Jfq[0x2]9[0x88]r[0x9a]C1,[0x85][0x98][0x14]#[0xc8]K[0x10][0xc9]G[0xf][0xe0][0xb1]6[0xb6]gl[0xed][0xac][0xd3][0x1e]a[0x9c][0x8b][0x2][0xbe][0x9a][0x8e]ST!=[0xb9]'wB2[0x8d]AU[0xbd][\n]"
2021-04-20 02:25:47 DEBUG wire:73 - http-outgoing-1 << "L[0x1][0x1f]Ig$[0x7][0xc2]~C3w~[0x96]eV[0x8f][0xd2]C[0xdb][0x1e],[0x6][0x8f]$[[0xc7][0xe8]8[0x95][0xed]1[0xab][0x7][0xd9][0xf7]J[0xc3]x[0xa1][0xbd][0xe0][0x8b][0x9a][0x10][0x91][0xdd][0xc2]y[0xb9][0xff]][0xcb][0xcb][0xdf][0xb9][0xda][0xf0]R-[0x4][0xfd][0xcc][0xe9]?[0xec][0x9a][0xed][0xa7][0x17][0xc5]@>[\r][0xf4][0xe3][0xca][0x9b]Wt[0x8b][0xee][0xf2][0x87][\n]"
2021-04-20 02:25:47 DEBUG wire:73 - http-outgoing-1 << "[0xac][0xe4][0x0][0x0][0x0][\r][\n]"
2021-04-20 02:25:47 DEBUG headers:122 - http-outgoing-1 << HTTP/1.1 200 OK
2021-04-20 02:25:47 DEBUG headers:125 - http-outgoing-1 << Expires: Mon, 01 Jan 1990 00:00:00 GMT
2021-04-20 02:25:47 DEBUG headers:125 - http-outgoing-1 << Cache-Control: no-cache, no-store, max-age=0, must-revalidate
2021-04-20 02:25:47 DEBUG headers:125 - http-outgoing-1 << Pragma: no-cache
2021-04-20 02:25:47 DEBUG headers:125 - http-outgoing-1 << Date: Mon, 19 Apr 2021 19:25:48 GMT
2021-04-20 02:25:47 DEBUG headers:125 - http-outgoing-1 << Content-Type: application/json; charset=UTF-8
2021-04-20 02:25:47 DEBUG headers:125 - http-outgoing-1 << Vary: Origin
2021-04-20 02:25:47 DEBUG headers:125 - http-outgoing-1 << Vary: X-Origin
2021-04-20 02:25:47 DEBUG headers:125 - http-outgoing-1 << Vary: Referer
2021-04-20 02:25:47 DEBUG headers:125 - http-outgoing-1 << Content-Encoding: gzip
2021-04-20 02:25:47 DEBUG headers:125 - http-outgoing-1 << Server: ESF
2021-04-20 02:25:47 DEBUG headers:125 - http-outgoing-1 << X-XSS-Protection: 0
2021-04-20 02:25:47 DEBUG headers:125 - http-outgoing-1 << X-Frame-Options: SAMEORIGIN
2021-04-20 02:25:47 DEBUG headers:125 - http-outgoing-1 << X-Content-Type-Options: nosniff
2021-04-20 02:25:47 DEBUG headers:125 - http-outgoing-1 << Alt-Svc: h3-29=":443"; ma=2592000,h3-T051=":443"; ma=2592000,h3-Q050=":443"; ma=2592000,h3-Q046=":443"; ma=2592000,h3-Q043=":443"; ma=2592000,quic=":443"; ma=2592000; v="46,43"
2021-04-20 02:25:47 DEBUG headers:125 - http-outgoing-1 << Transfer-Encoding: chunked
2021-04-20 02:25:47 DEBUG MainClientExec:285 - Connection can be kept alive indefinitely
2021-04-20 02:25:47 DEBUG wire:73 - http-outgoing-1 << "0[\r][\n]"
2021-04-20 02:25:47 DEBUG wire:73 - http-outgoing-1 << "[\r][\n]"
2021-04-20 02:25:47 DEBUG PoolingHttpClientConnectionManager:341 - Connection [id: 1][route: {s}->https://www.googleapis.com:443] can be kept alive indefinitely
2021-04-20 02:25:47 DEBUG DefaultManagedHttpClientConnection:88 - http-outgoing-1: set socket timeout to 0
2021-04-20 02:25:47 DEBUG PoolingHttpClientConnectionManager:348 - Connection released: [id: 1][route: {s}->https://www.googleapis.com:443][total kept alive: 2; route allocated: 1 of 100; total allocated: 2 of 200]
