2020-12-09 00:01:40 INFO  LoginController:34 - LoginController begining
2020-12-09 00:01:40 ERROR LoginController:74 - Error LoginController at: null
2020-12-09 00:02:47 INFO  LoginController:34 - LoginController begining
2020-12-09 00:02:47 ERROR LoginController:75 - Error LoginController at: null
2020-12-09 00:06:23 INFO  LoginController:34 - LoginController begining
2020-12-09 00:06:23 ERROR LoginController:75 - Error LoginController at: null
2020-12-09 00:08:47 INFO  LoginController:34 - LoginController begining
2020-12-09 00:08:47 ERROR LoginController:77 - Error LoginController at: null
2020-12-09 00:11:18 INFO  LoginController:34 - LoginController begining
2020-12-09 00:11:18 ERROR LoginController:77 - Error LoginController at: null
2020-12-09 00:15:56 INFO  LoginController:34 - LoginController begining
2020-12-09 00:15:56 ERROR LoginController:77 - Error LoginController at: null
2020-12-09 00:21:24 INFO  LoginController:34 - LoginController begining
2020-12-09 00:21:24 ERROR LoginController:78 - Error LoginController at: null
2020-12-09 00:24:23 INFO  LoginController:34 - LoginController begining
2020-12-09 00:24:23 ERROR LoginController:78 - Error LoginController at: null
2020-12-09 00:26:51 INFO  LoginController:36 - LoginController begining
2020-12-09 00:26:51 ERROR LoginController:80 - Error LoginController at: null
2020-12-09 00:27:42 INFO  LoginController:36 - LoginController begining
2020-12-09 00:27:42 ERROR LoginController:80 - Error LoginController at: null
2020-12-09 00:27:45 ERROR MainController:82 - Error at MainController: null
2020-12-09 00:28:11 INFO  LoginController:36 - LoginController begining
2020-12-09 00:28:11 ERROR LoginController:80 - Error LoginController at: null
2020-12-09 00:33:10 INFO  LoginController:36 - LoginController begining
2020-12-09 00:33:10 ERROR LoginController:80 - Error LoginController at: null
2020-12-09 00:35:12 INFO  LoginController:36 - LoginController begining
2020-12-09 00:35:12 ERROR LoginController:80 - Error LoginController at: null
2020-12-09 00:35:52 INFO  LoginController:36 - LoginController begining
2020-12-09 00:35:52 ERROR LoginController:80 - Error LoginController at: null
2020-12-09 00:37:02 ERROR MainController:82 - Error at MainController: null
2020-12-09 00:37:08 ERROR MainController:82 - Error at MainController: null
2020-12-09 00:37:41 INFO  LoginController:35 - LoginController begining
2020-12-09 00:37:41 ERROR LoginController:79 - Error LoginController at: null
2020-12-09 00:39:14 INFO  LoginController:35 - LoginController begining
2020-12-09 00:39:14 ERROR LoginController:79 - Error LoginController at: null
2020-12-09 00:42:46 ERROR SignupController:158 - Error at SignUpController: Could not connect to SMTP host: smtp.gmail.com, port: 587
2020-12-09 00:44:10 ERROR SignupController:158 - Error at SignUpController: Violation of PRIMARY KEY constraint 'PK__Accounts__A9D105359D8366C4'. Cannot insert duplicate key in object 'dbo.tbl_Users'. The duplicate key value is (sound@gmail.com).
2020-12-09 00:51:15 ERROR LoginController2:80 - Error LoginController at: null
2020-12-09 00:53:52 ERROR LoginController2:82 - Error LoginController at: null
2020-12-09 00:55:20 ERROR LoginController2:82 - Error LoginController at: null
2020-12-09 00:55:44 ERROR LoginController2:82 - Error LoginController at: null
2020-12-09 01:00:12 ERROR LoginController2:80 - Error LoginController at: null
2020-12-09 01:07:25 ERROR LoginController2:81 - Error LoginController at: null
2020-12-09 01:11:33 ERROR LoginController2:83 - Error LoginController at: null
2020-12-09 01:12:57 ERROR MainController:82 - Error at MainController: null
2020-12-09 01:13:19 ERROR LoginController2:84 - Error LoginController at: null
2020-12-09 01:48:49 ERROR MainController:84 - Error at MainController: null
2020-12-09 02:17:42 ERROR MainController:84 - Error at MainController: null
2020-12-09 04:49:52 ERROR ReactEmotionsController:69 - Error ReactEmotionsController at: null
2020-12-09 04:54:48 ERROR ReactEmotionsController:69 - Error ReactEmotionsController at: null
2020-12-09 04:58:42 ERROR ReactEmotionsController:69 - Error ReactEmotionsController at: null
2020-12-09 05:00:40 ERROR ReactEmotionsController:69 - Error ReactEmotionsController at: null
2020-12-09 05:02:07 ERROR ReactEmotionsController:70 - Error ReactEmotionsController at: null
2020-12-09 05:23:46 ERROR ReactEmotionsController:70 - Error ReactEmotionsController at: null
2020-12-09 05:33:00 ERROR ReactEmotionsController:70 - Error ReactEmotionsController at: null
2020-12-09 05:33:11 ERROR ReactEmotionsController:70 - Error ReactEmotionsController at: Incorrect syntax near the keyword 'Like'.
2020-12-09 05:36:23 ERROR ReactEmotionsController:70 - Error ReactEmotionsController at: Incorrect syntax near the keyword 'Like'.
2020-12-09 05:36:35 ERROR ReactEmotionsController:70 - Error ReactEmotionsController at: Incorrect syntax near the keyword 'Like'.
2020-12-09 05:37:28 ERROR ReactEmotionsController:70 - Error ReactEmotionsController at: Incorrect syntax near the keyword 'Like'.
2020-12-09 05:37:34 ERROR MainController:84 - Error at MainController: null
2020-12-09 05:37:45 ERROR ReactEmotionsController:70 - Error ReactEmotionsController at: Incorrect syntax near the keyword 'Like'.
2020-12-09 05:39:38 ERROR ReactEmotionsController:70 - Error ReactEmotionsController at: Incorrect syntax near the keyword 'Like'.
2020-12-09 05:39:49 ERROR ReactEmotionsController:70 - Error ReactEmotionsController at: Incorrect syntax near the keyword 'Like'.
2020-12-09 05:43:14 ERROR ReactEmotionsController:70 - Error ReactEmotionsController at: Incorrect syntax near the keyword 'Like'.
2020-12-09 06:26:50 ERROR ReactEmotionsController:70 - Error ReactEmotionsController at: Incorrect syntax near the keyword 'Like'.
2020-12-09 06:53:51 ERROR ReactEmotionsController:70 - Error ReactEmotionsController at: Incorrect syntax near the keyword 'Like'.
2020-12-09 07:05:17 ERROR ReactEmotionsController:70 - Error ReactEmotionsController at: Incorrect syntax near the keyword 'Like'.
2020-12-09 07:23:53 ERROR ReactEmotionsController:70 - Error ReactEmotionsController at: Incorrect syntax near the keyword 'Like'.
2020-12-09 07:36:35 ERROR LoginController:84 - Error LoginController at: Invalid object name 'tbl_Users'.
2020-12-09 07:36:43 ERROR LoginController:84 - Error LoginController at: Invalid object name 'tbl_Users'.
2020-12-09 09:27:27 ERROR SignupController:158 - Error at SignUpController: Invalid column name 'Code'.
2020-12-09 10:43:44 ERROR ReactEmotionsController:70 - Error ReactEmotionsController at: Incorrect syntax near the keyword 'Like'.
2020-12-09 11:12:57 ERROR MainController:81 - Error at MainController: null
2020-12-09 11:14:54 ERROR ReactEmotionsController:70 - Error ReactEmotionsController at: Incorrect syntax near the keyword 'Like'.
2020-12-09 11:15:20 ERROR ReactEmotionsController:70 - Error ReactEmotionsController at: Incorrect syntax near the keyword 'Like'.
2020-12-09 11:41:45 ERROR MainController:81 - Error at MainController: null
2020-12-09 22:58:42 ERROR DeleteCommentController:47 - Error ActivateTheAccountController at: Incorrect syntax near the keyword 'FROM'.
