2020-09-28 10:48:16 INFO  LoginController:35 - LoginController begining
2020-09-28 11:48:21 INFO  LoginController:35 - LoginController begining
2020-09-28 11:48:33 INFO  LoginController:35 - LoginController begining
2020-09-28 15:14:02 INFO  LoginController:35 - LoginController begining
2020-09-28 15:18:16 INFO  LoginController:35 - LoginController begining
2020-09-28 15:21:57 INFO  LoginController:35 - LoginController begining
2020-09-28 15:23:32 INFO  LoginController:35 - LoginController begining
2020-09-28 15:24:58 INFO  LoginController:35 - LoginController begining
2020-09-28 15:26:16 ERROR MainController:58 - Error at MainController: null
2020-09-28 15:38:20 INFO  LoginController:35 - LoginController begining
2020-09-28 15:39:58 INFO  LoginController:35 - LoginController begining
2020-09-28 15:39:58 ERROR SocialNetworkController:42 - Error SocialNetworkController at: An error occurred while converting the varchar value to JDBC data type DATE.
2020-09-28 15:41:54 INFO  LoginController:35 - LoginController begining
2020-09-28 15:41:54 ERROR SocialNetworkController:41 - Error SocialNetworkController at: An error occurred while converting the varchar value to JDBC data type DATE.
2020-09-28 15:41:56 INFO  LoginController:35 - LoginController begining
2020-09-28 15:41:56 ERROR SocialNetworkController:41 - Error SocialNetworkController at: An error occurred while converting the varchar value to JDBC data type DATE.
2020-09-28 15:42:12 INFO  LoginController:35 - LoginController begining
2020-09-28 15:42:12 ERROR SocialNetworkController:41 - Error SocialNetworkController at: An error occurred while converting the varchar value to JDBC data type DATE.
2020-09-28 15:44:41 INFO  LoginController:35 - LoginController begining
2020-09-28 15:44:41 ERROR SocialNetworkController:41 - Error SocialNetworkController at: An error occurred while converting the varchar value to JDBC data type DATE.
2020-09-28 15:44:43 INFO  LoginController:35 - LoginController begining
2020-09-28 15:44:43 ERROR SocialNetworkController:41 - Error SocialNetworkController at: An error occurred while converting the varchar value to JDBC data type DATE.
2020-09-28 15:46:28 INFO  LoginController:35 - LoginController begining
2020-09-28 15:46:28 ERROR SocialNetworkController:41 - Error SocialNetworkController at: An error occurred while converting the varchar value to JDBC data type DATE.
2020-09-28 16:01:14 INFO  LoginController:35 - LoginController begining
2020-09-28 16:01:16 INFO  LoginController:35 - LoginController begining
2020-09-28 16:12:36 INFO  LoginController:35 - LoginController begining
2020-09-28 16:12:38 INFO  LoginController:35 - LoginController begining
2020-09-28 16:13:25 INFO  LoginController:35 - LoginController begining
2020-09-28 16:16:14 INFO  LoginController:35 - LoginController begining
2020-09-28 16:24:11 INFO  LoginController:35 - LoginController begining
2020-09-28 16:24:23 INFO  LoginController:35 - LoginController begining
2020-09-28 16:24:28 INFO  LoginController:35 - LoginController begining
2020-09-28 16:24:30 INFO  LoginController:35 - LoginController begining
2020-09-28 16:24:34 INFO  LoginController:35 - LoginController begining
2020-09-28 16:26:45 INFO  LoginController:35 - LoginController begining
2020-09-28 16:27:25 INFO  LoginController:35 - LoginController begining
2020-09-28 16:28:08 INFO  LoginController:35 - LoginController begining
2020-09-28 16:28:10 INFO  LoginController:35 - LoginController begining
2020-09-28 16:30:23 INFO  LoginController:35 - LoginController begining
2020-09-28 16:43:05 INFO  LoginController:35 - LoginController begining
2020-09-28 16:43:19 INFO  LoginController:35 - LoginController begining
2020-09-28 16:43:32 INFO  LoginController:35 - LoginController begining
2020-09-28 16:43:42 INFO  LoginController:35 - LoginController begining
2020-09-28 16:43:57 INFO  LoginController:35 - LoginController begining
2020-09-28 16:44:20 INFO  LoginController:35 - LoginController begining
2020-09-28 16:50:05 INFO  LoginController:35 - LoginController begining
2020-09-28 16:50:27 INFO  LoginController:35 - LoginController begining
2020-09-28 16:57:40 INFO  LoginController:35 - LoginController begining
2020-09-28 16:58:54 INFO  LoginController:35 - LoginController begining
2020-09-28 16:59:34 INFO  LoginController:35 - LoginController begining
2020-09-28 17:03:14 INFO  LoginController:35 - LoginController begining
2020-09-28 17:04:45 INFO  LoginController:35 - LoginController begining
2020-09-28 21:17:12 INFO  LoginController:35 - LoginController begining
2020-09-28 21:19:15 INFO  LoginController:35 - LoginController begining
2020-09-28 21:27:34 INFO  LoginController:35 - LoginController begining
2020-09-28 21:27:38 INFO  LoginController:35 - LoginController begining
2020-09-28 21:29:25 INFO  LoginController:35 - LoginController begining
2020-09-28 21:29:34 INFO  LoginController:35 - LoginController begining
2020-09-28 21:30:31 INFO  LoginController:35 - LoginController begining
2020-09-28 21:32:24 INFO  LoginController:35 - LoginController begining
2020-09-28 21:32:26 INFO  LoginController:35 - LoginController begining
2020-09-28 21:32:57 INFO  LoginController:35 - LoginController begining
2020-09-28 21:33:41 INFO  LoginController:35 - LoginController begining
2020-09-28 21:35:07 INFO  LoginController:35 - LoginController begining
2020-09-28 21:37:07 INFO  LoginController:35 - LoginController begining
2020-09-28 21:37:19 INFO  LoginController:35 - LoginController begining
2020-09-28 21:38:12 INFO  LoginController:35 - LoginController begining
2020-09-28 21:40:42 INFO  LoginController:35 - LoginController begining
2020-09-28 21:40:58 INFO  LoginController:35 - LoginController begining
2020-09-28 21:41:23 INFO  LoginController:35 - LoginController begining
2020-09-28 21:41:31 INFO  LoginController:35 - LoginController begining
2020-09-28 21:41:40 INFO  LoginController:35 - LoginController begining
2020-09-28 21:43:30 INFO  LoginController:35 - LoginController begining
2020-09-28 21:43:47 INFO  LoginController:35 - LoginController begining
2020-09-28 21:44:08 INFO  LoginController:35 - LoginController begining
2020-09-28 21:44:18 INFO  LoginController:35 - LoginController begining
2020-09-28 21:44:31 INFO  LoginController:35 - LoginController begining
2020-09-28 21:45:05 INFO  LoginController:35 - LoginController begining
2020-09-28 21:45:13 INFO  LoginController:35 - LoginController begining
2020-09-28 21:45:28 INFO  LoginController:35 - LoginController begining
2020-09-28 21:46:13 INFO  LoginController:35 - LoginController begining
2020-09-28 21:46:21 INFO  LoginController:35 - LoginController begining
2020-09-28 21:46:57 INFO  LoginController:35 - LoginController begining
2020-09-28 21:47:01 INFO  LoginController:35 - LoginController begining
2020-09-28 21:47:07 INFO  LoginController:35 - LoginController begining
2020-09-28 21:47:09 INFO  LoginController:35 - LoginController begining
2020-09-28 21:47:11 INFO  LoginController:35 - LoginController begining
2020-09-28 21:47:49 INFO  LoginController:35 - LoginController begining
2020-09-28 21:48:11 INFO  LoginController:35 - LoginController begining
2020-09-28 21:49:34 INFO  LoginController:35 - LoginController begining
2020-09-28 21:49:53 INFO  LoginController:35 - LoginController begining
2020-09-28 21:50:04 INFO  LoginController:35 - LoginController begining
2020-09-28 21:50:14 INFO  LoginController:35 - LoginController begining
2020-09-28 21:50:50 INFO  LoginController:35 - LoginController begining
2020-09-28 21:51:39 INFO  LoginController:35 - LoginController begining
2020-09-28 21:52:41 INFO  LoginController:35 - LoginController begining
2020-09-28 21:52:58 INFO  LoginController:35 - LoginController begining
2020-09-28 21:53:30 INFO  LoginController:35 - LoginController begining
2020-09-28 21:53:37 INFO  LoginController:35 - LoginController begining
2020-09-28 21:53:53 INFO  LoginController:35 - LoginController begining
2020-09-28 21:54:22 INFO  LoginController:35 - LoginController begining
2020-09-28 21:54:25 INFO  LoginController:35 - LoginController begining
2020-09-28 21:54:31 INFO  LoginController:35 - LoginController begining
2020-09-28 21:56:42 INFO  LoginController:35 - LoginController begining
2020-09-28 21:57:29 INFO  LoginController:35 - LoginController begining
2020-09-28 21:58:16 INFO  LoginController:35 - LoginController begining
2020-09-28 21:58:27 INFO  LoginController:35 - LoginController begining
2020-09-28 22:00:00 INFO  LoginController:35 - LoginController begining
2020-09-28 22:00:55 INFO  LoginController:35 - LoginController begining
2020-09-28 22:00:58 INFO  LoginController:35 - LoginController begining
2020-09-28 22:01:21 INFO  LoginController:35 - LoginController begining
2020-09-28 22:01:40 INFO  LoginController:35 - LoginController begining
2020-09-28 22:01:52 INFO  LoginController:35 - LoginController begining
2020-09-28 22:02:30 INFO  LoginController:35 - LoginController begining
2020-09-28 22:02:47 INFO  LoginController:35 - LoginController begining
2020-09-28 22:03:16 INFO  LoginController:35 - LoginController begining
2020-09-28 22:03:42 INFO  LoginController:35 - LoginController begining
2020-09-28 22:04:15 INFO  LoginController:35 - LoginController begining
2020-09-28 22:04:37 INFO  LoginController:35 - LoginController begining
2020-09-28 22:04:48 INFO  LoginController:35 - LoginController begining
2020-09-28 22:05:03 INFO  LoginController:35 - LoginController begining
2020-09-28 22:05:19 INFO  LoginController:35 - LoginController begining
2020-09-28 22:05:29 INFO  LoginController:35 - LoginController begining
2020-09-28 22:05:58 INFO  LoginController:35 - LoginController begining
2020-09-28 22:06:05 INFO  LoginController:35 - LoginController begining
2020-09-28 22:06:26 INFO  LoginController:35 - LoginController begining
2020-09-28 22:08:16 INFO  LoginController:35 - LoginController begining
2020-09-28 22:08:30 INFO  LoginController:35 - LoginController begining
2020-09-28 22:08:54 INFO  LoginController:35 - LoginController begining
2020-09-28 22:09:03 INFO  LoginController:35 - LoginController begining
2020-09-28 22:09:20 ERROR MainController:58 - Error at MainController: null
2020-09-28 22:10:10 INFO  LoginController:35 - LoginController begining
2020-09-28 22:13:46 INFO  LoginController:35 - LoginController begining
2020-09-28 22:14:03 INFO  LoginController:35 - LoginController begining
2020-09-28 22:15:48 INFO  LoginController:35 - LoginController begining
2020-09-28 22:16:32 INFO  LoginController:35 - LoginController begining
2020-09-28 22:16:59 INFO  LoginController:35 - LoginController begining
2020-09-28 22:17:02 INFO  LoginController:35 - LoginController begining
2020-09-28 22:17:11 INFO  LoginController:35 - LoginController begining
2020-09-28 22:17:24 INFO  LoginController:35 - LoginController begining
2020-09-28 22:17:36 INFO  LoginController:35 - LoginController begining
2020-09-28 22:18:01 INFO  LoginController:35 - LoginController begining
2020-09-28 22:18:47 INFO  LoginController:35 - LoginController begining
2020-09-28 22:19:14 INFO  LoginController:35 - LoginController begining
2020-09-28 22:19:43 INFO  LoginController:35 - LoginController begining
2020-09-28 22:22:42 INFO  LoginController:35 - LoginController begining
2020-09-28 22:24:01 INFO  LoginController:35 - LoginController begining
2020-09-28 22:24:20 INFO  LoginController:35 - LoginController begining
2020-09-28 22:24:33 INFO  LoginController:35 - LoginController begining
2020-09-28 22:25:21 INFO  LoginController:35 - LoginController begining
2020-09-28 22:25:47 INFO  LoginController:35 - LoginController begining
2020-09-28 22:26:20 INFO  LoginController:35 - LoginController begining
2020-09-28 22:27:39 INFO  LoginController:35 - LoginController begining
2020-09-28 22:27:48 INFO  LoginController:35 - LoginController begining
2020-09-28 22:28:01 INFO  LoginController:35 - LoginController begining
2020-09-28 22:28:31 INFO  LoginController:35 - LoginController begining
2020-09-28 22:28:44 INFO  LoginController:35 - LoginController begining
2020-09-28 22:28:51 INFO  LoginController:35 - LoginController begining
2020-09-28 22:28:58 INFO  LoginController:35 - LoginController begining
2020-09-28 22:29:08 INFO  LoginController:35 - LoginController begining
2020-09-28 22:29:16 INFO  LoginController:35 - LoginController begining
2020-09-28 22:29:25 INFO  LoginController:35 - LoginController begining
2020-09-28 22:29:38 INFO  LoginController:35 - LoginController begining
2020-09-28 22:29:49 INFO  LoginController:35 - LoginController begining
2020-09-28 22:29:56 INFO  LoginController:35 - LoginController begining
2020-09-28 22:30:12 INFO  LoginController:35 - LoginController begining
2020-09-28 22:30:24 INFO  LoginController:35 - LoginController begining
2020-09-28 22:30:31 INFO  LoginController:35 - LoginController begining
2020-09-28 22:30:40 INFO  LoginController:35 - LoginController begining
2020-09-28 22:31:53 INFO  LoginController:35 - LoginController begining
2020-09-28 22:31:57 ERROR MainController:58 - Error at MainController: null
2020-09-28 22:33:36 INFO  LoginController:35 - LoginController begining
2020-09-28 22:34:09 INFO  LoginController:35 - LoginController begining
2020-09-28 22:34:15 INFO  LoginController:35 - LoginController begining
2020-09-28 22:34:29 INFO  LoginController:35 - LoginController begining
2020-09-28 22:34:38 INFO  LoginController:35 - LoginController begining
2020-09-28 22:36:31 INFO  LoginController:35 - LoginController begining
2020-09-28 22:39:48 INFO  LoginController:35 - LoginController begining
2020-09-28 22:40:05 INFO  LoginController:35 - LoginController begining
2020-09-28 22:40:22 INFO  LoginController:35 - LoginController begining
2020-09-28 22:41:06 INFO  LoginController:35 - LoginController begining
2020-09-28 22:41:51 INFO  LoginController:35 - LoginController begining
2020-09-28 22:42:01 INFO  LoginController:35 - LoginController begining
2020-09-28 22:42:17 INFO  LoginController:35 - LoginController begining
2020-09-28 22:42:36 INFO  LoginController:35 - LoginController begining
2020-09-28 22:43:48 INFO  LoginController:35 - LoginController begining
2020-09-28 22:44:02 INFO  LoginController:35 - LoginController begining
2020-09-28 22:44:08 INFO  LoginController:35 - LoginController begining
2020-09-28 22:46:33 INFO  LoginController:35 - LoginController begining
2020-09-28 22:47:57 ERROR MainController:58 - Error at MainController: null
2020-09-28 22:49:40 ERROR MainController:58 - Error at MainController: null
2020-09-28 22:49:44 ERROR MainController:58 - Error at MainController: null
2020-09-28 22:50:24 ERROR MainController:58 - Error at MainController: null
2020-09-28 22:50:28 ERROR MainController:58 - Error at MainController: null
2020-09-28 22:50:46 INFO  LoginController:35 - LoginController begining
2020-09-28 22:51:08 ERROR MainController:58 - Error at MainController: null
2020-09-28 22:51:57 ERROR MainController:58 - Error at MainController: null
2020-09-28 22:52:24 INFO  LoginController:35 - LoginController begining
2020-09-28 22:52:30 ERROR MainController:58 - Error at MainController: null
2020-09-28 22:52:38 ERROR MainController:58 - Error at MainController: null
2020-09-28 22:55:15 ERROR MainController:58 - Error at MainController: null
2020-09-28 22:55:59 ERROR MainController:58 - Error at MainController: null
2020-09-28 22:56:01 ERROR MainController:58 - Error at MainController: null
2020-09-28 22:56:04 ERROR MainController:58 - Error at MainController: null
2020-09-28 22:56:23 INFO  LoginController:35 - LoginController begining
2020-09-28 22:56:29 ERROR MainController:58 - Error at MainController: null
2020-09-28 22:56:57 ERROR MainController:58 - Error at MainController: null
2020-09-28 23:13:30 ERROR MainController:62 - Error at MainController: null
2020-09-28 23:16:30 INFO  LoginController:35 - LoginController begining
2020-09-28 23:16:33 ERROR LoginController:46 - Error SearchArticlesController at: The column name  Description is not valid.
2020-09-28 23:16:39 ERROR LoginController:46 - Error SearchArticlesController at: The column name  Description is not valid.
2020-09-28 23:16:46 ERROR LoginController:46 - Error SearchArticlesController at: The column name  Description is not valid.
2020-09-28 23:20:15 INFO  LoginController:35 - LoginController begining
2020-09-28 23:20:16 ERROR LoginController:46 - Error SearchArticlesController at: The column name  Description is not valid.
2020-09-28 23:20:57 ERROR LoginController:48 - Error SearchArticlesController at: The column name  Description is not valid.
2020-09-28 23:51:40 ERROR LoginController:39 - Error ViewDetailController at:The column name  Description is not valid.
2020-09-28 23:54:59 ERROR LoginController:39 - Error ViewDetailController at:The column name  Description is not valid.
2020-09-28 23:58:00 ERROR LoginController:39 - Error ViewDetailController at:The column name  Description is not valid.
2020-09-28 23:58:06 ERROR LoginController:39 - Error ViewDetailController at:The column name  Description is not valid.
2020-09-28 23:58:11 ERROR LoginController:39 - Error ViewDetailController at:The column name  Description is not valid.
2020-09-28 23:58:49 ERROR LoginController:39 - Error ViewDetailController at:The column name  Description is not valid.
2020-09-28 23:58:54 ERROR LoginController:39 - Error ViewDetailController at:The column name  Description is not valid.
2020-09-28 23:58:57 ERROR LoginController:39 - Error ViewDetailController at:The column name  Description is not valid.
2020-09-28 23:59:17 ERROR LoginController:40 - Error ViewDetailController at:The column name  Description is not valid.
2020-09-29 00:00:18 INFO  LoginController:35 - LoginController begining
