2021-09-12 21:42:27 DEBUG RequestAddCookies:123 - CookieSpec selected: default
2021-09-12 21:42:27 DEBUG RequestAuthCache:77 - Auth cache not set in the context
2021-09-12 21:42:27 DEBUG PoolingHttpClientConnectionManager:265 - Connection request: [route: {s}->https://accounts.google.com:443][total kept alive: 0; route allocated: 0 of 100; total allocated: 0 of 200]
2021-09-12 21:42:27 DEBUG PoolingHttpClientConnectionManager:309 - Connection leased: [id: 0][route: {s}->https://accounts.google.com:443][total kept alive: 0; route allocated: 1 of 100; total allocated: 1 of 200]
2021-09-12 21:42:27 DEBUG MainClientExec:235 - Opening connection {s}->https://accounts.google.com:443
2021-09-12 21:42:27 DEBUG DefaultHttpClientConnectionOperator:139 - Connecting to accounts.google.com/142.250.204.45:443
2021-09-12 21:42:27 DEBUG SSLConnectionSocketFactory:337 - Connecting socket to accounts.google.com/142.250.204.45:443 with timeout 0
2021-09-12 21:42:27 DEBUG SSLConnectionSocketFactory:390 - Enabled protocols: [TLSv1.3, TLSv1.2]
2021-09-12 21:42:27 DEBUG SSLConnectionSocketFactory:391 - Enabled cipher suites:[TLS_AES_128_GCM_SHA256, TLS_AES_256_GCM_SHA384, TLS_ECDHE_ECDSA_WITH_AES_256_GCM_SHA384, TLS_ECDHE_ECDSA_WITH_AES_128_GCM_SHA256, TLS_ECDHE_RSA_WITH_AES_256_GCM_SHA384, TLS_RSA_WITH_AES_256_GCM_SHA384, TLS_ECDH_ECDSA_WITH_AES_256_GCM_SHA384, TLS_ECDH_RSA_WITH_AES_256_GCM_SHA384, TLS_DHE_RSA_WITH_AES_256_GCM_SHA384, TLS_DHE_DSS_WITH_AES_256_GCM_SHA384, TLS_ECDHE_RSA_WITH_AES_128_GCM_SHA256, TLS_RSA_WITH_AES_128_GCM_SHA256, TLS_ECDH_ECDSA_WITH_AES_128_GCM_SHA256, TLS_ECDH_RSA_WITH_AES_128_GCM_SHA256, TLS_DHE_RSA_WITH_AES_128_GCM_SHA256, TLS_DHE_DSS_WITH_AES_128_GCM_SHA256, TLS_ECDHE_ECDSA_WITH_AES_256_CBC_SHA384, TLS_ECDHE_RSA_WITH_AES_256_CBC_SHA384, TLS_RSA_WITH_AES_256_CBC_SHA256, TLS_ECDH_ECDSA_WITH_AES_256_CBC_SHA384, TLS_ECDH_RSA_WITH_AES_256_CBC_SHA384, TLS_DHE_RSA_WITH_AES_256_CBC_SHA256, TLS_DHE_DSS_WITH_AES_256_CBC_SHA256, TLS_ECDHE_ECDSA_WITH_AES_256_CBC_SHA, TLS_ECDHE_RSA_WITH_AES_256_CBC_SHA, TLS_RSA_WITH_AES_256_CBC_SHA, TLS_ECDH_ECDSA_WITH_AES_256_CBC_SHA, TLS_ECDH_RSA_WITH_AES_256_CBC_SHA, TLS_DHE_RSA_WITH_AES_256_CBC_SHA, TLS_DHE_DSS_WITH_AES_256_CBC_SHA, TLS_ECDHE_ECDSA_WITH_AES_128_CBC_SHA256, TLS_ECDHE_RSA_WITH_AES_128_CBC_SHA256, TLS_RSA_WITH_AES_128_CBC_SHA256, TLS_ECDH_ECDSA_WITH_AES_128_CBC_SHA256, TLS_ECDH_RSA_WITH_AES_128_CBC_SHA256, TLS_DHE_RSA_WITH_AES_128_CBC_SHA256, TLS_DHE_DSS_WITH_AES_128_CBC_SHA256, TLS_ECDHE_ECDSA_WITH_AES_128_CBC_SHA, TLS_ECDHE_RSA_WITH_AES_128_CBC_SHA, TLS_RSA_WITH_AES_128_CBC_SHA, TLS_ECDH_ECDSA_WITH_AES_128_CBC_SHA, TLS_ECDH_RSA_WITH_AES_128_CBC_SHA, TLS_DHE_RSA_WITH_AES_128_CBC_SHA, TLS_DHE_DSS_WITH_AES_128_CBC_SHA, TLS_EMPTY_RENEGOTIATION_INFO_SCSV]
2021-09-12 21:42:27 DEBUG SSLConnectionSocketFactory:395 - Starting handshake
2021-09-12 21:42:27 DEBUG SSLConnectionSocketFactory:425 - Secure session established
2021-09-12 21:42:27 DEBUG SSLConnectionSocketFactory:426 -  negotiated protocol: TLSv1.3
2021-09-12 21:42:27 DEBUG SSLConnectionSocketFactory:427 -  negotiated cipher suite: TLS_AES_128_GCM_SHA256
2021-09-12 21:42:27 DEBUG SSLConnectionSocketFactory:435 -  peer principal: CN=accounts.google.com
2021-09-12 21:42:27 DEBUG SSLConnectionSocketFactory:444 -  peer alternative names: [accounts.google.com, *.partner.android.com]
2021-09-12 21:42:27 DEBUG SSLConnectionSocketFactory:448 -  issuer principal: CN=GTS CA 1C3, O=Google Trust Services LLC, C=US
2021-09-12 21:42:27 DEBUG DefaultHttpClientConnectionOperator:146 - Connection established 192.168.1.7:61894<->142.250.204.45:443
2021-09-12 21:42:27 DEBUG MainClientExec:256 - Executing request POST /o/oauth2/token HTTP/1.1
2021-09-12 21:42:27 DEBUG MainClientExec:261 - Target auth state: UNCHALLENGED
2021-09-12 21:42:27 DEBUG MainClientExec:267 - Proxy auth state: UNCHALLENGED
2021-09-12 21:42:27 DEBUG headers:133 - http-outgoing-0 >> POST /o/oauth2/token HTTP/1.1
2021-09-12 21:42:27 DEBUG headers:136 - http-outgoing-0 >> Content-Length: 320
2021-09-12 21:42:27 DEBUG headers:136 - http-outgoing-0 >> Content-Type: application/x-www-form-urlencoded; charset=ISO-8859-1
2021-09-12 21:42:27 DEBUG headers:136 - http-outgoing-0 >> Host: accounts.google.com
2021-09-12 21:42:27 DEBUG headers:136 - http-outgoing-0 >> Connection: Keep-Alive
2021-09-12 21:42:27 DEBUG headers:136 - http-outgoing-0 >> User-Agent: Apache-HttpClient/4.5.5 (Java/11.0.12)
2021-09-12 21:42:27 DEBUG headers:136 - http-outgoing-0 >> Accept-Encoding: gzip,deflate
2021-09-12 21:42:27 DEBUG wire:73 - http-outgoing-0 >> "POST /o/oauth2/token HTTP/1.1[\r][\n]"
2021-09-12 21:42:27 DEBUG wire:73 - http-outgoing-0 >> "Content-Length: 320[\r][\n]"
2021-09-12 21:42:27 DEBUG wire:73 - http-outgoing-0 >> "Content-Type: application/x-www-form-urlencoded; charset=ISO-8859-1[\r][\n]"
2021-09-12 21:42:27 DEBUG wire:73 - http-outgoing-0 >> "Host: accounts.google.com[\r][\n]"
2021-09-12 21:42:27 DEBUG wire:73 - http-outgoing-0 >> "Connection: Keep-Alive[\r][\n]"
2021-09-12 21:42:27 DEBUG wire:73 - http-outgoing-0 >> "User-Agent: Apache-HttpClient/4.5.5 (Java/11.0.12)[\r][\n]"
2021-09-12 21:42:27 DEBUG wire:73 - http-outgoing-0 >> "Accept-Encoding: gzip,deflate[\r][\n]"
2021-09-12 21:42:27 DEBUG wire:73 - http-outgoing-0 >> "[\r][\n]"
2021-09-12 21:42:27 DEBUG wire:87 - http-outgoing-0 >> "client_id=99357018574-f5rf0s8jifbd3jsdob9q7o04bmii7g8q.apps.googleusercontent.com&client_secret=y3r4Cz5LKSRirVH_2gJzyXw9&redirect_uri=http%3A%2F%2Flocalhost%3A8084%2FMiniSocialNetwork%2FLoginByGoogleController&code=4%2F0AX4XfWiugiagAJQ8SCg8PIJAMpLWacEnioy1OTS9Pc6fI5XxbR8AJI7gJgmsAi-tbEhg6Q&grant_type=authorization_code"
2021-09-12 21:42:27 DEBUG wire:73 - http-outgoing-0 << "HTTP/1.1 200 OK[\r][\n]"
2021-09-12 21:42:27 DEBUG wire:73 - http-outgoing-0 << "Expires: Mon, 01 Jan 1990 00:00:00 GMT[\r][\n]"
2021-09-12 21:42:27 DEBUG wire:73 - http-outgoing-0 << "Date: Sun, 12 Sep 2021 14:42:42 GMT[\r][\n]"
2021-09-12 21:42:27 DEBUG wire:73 - http-outgoing-0 << "Cache-Control: no-cache, no-store, max-age=0, must-revalidate[\r][\n]"
2021-09-12 21:42:27 DEBUG wire:73 - http-outgoing-0 << "Pragma: no-cache[\r][\n]"
2021-09-12 21:42:27 DEBUG wire:73 - http-outgoing-0 << "Content-Type: application/json; charset=utf-8[\r][\n]"
2021-09-12 21:42:27 DEBUG wire:73 - http-outgoing-0 << "Vary: Origin[\r][\n]"
2021-09-12 21:42:27 DEBUG wire:73 - http-outgoing-0 << "Vary: X-Origin[\r][\n]"
2021-09-12 21:42:27 DEBUG wire:73 - http-outgoing-0 << "Vary: Referer[\r][\n]"
2021-09-12 21:42:27 DEBUG wire:73 - http-outgoing-0 << "Content-Encoding: gzip[\r][\n]"
2021-09-12 21:42:27 DEBUG wire:73 - http-outgoing-0 << "Server: scaffolding on HTTPServer2[\r][\n]"
2021-09-12 21:42:27 DEBUG wire:73 - http-outgoing-0 << "X-XSS-Protection: 0[\r][\n]"
2021-09-12 21:42:27 DEBUG wire:73 - http-outgoing-0 << "X-Frame-Options: SAMEORIGIN[\r][\n]"
2021-09-12 21:42:27 DEBUG wire:73 - http-outgoing-0 << "X-Content-Type-Options: nosniff[\r][\n]"
2021-09-12 21:42:27 DEBUG wire:73 - http-outgoing-0 << "Alt-Svc: h3=":443"; ma=2592000,h3-29=":443"; ma=2592000,h3-T051=":443"; ma=2592000,h3-Q050=":443"; ma=2592000,h3-Q046=":443"; ma=2592000,h3-Q043=":443"; ma=2592000,quic=":443"; ma=2592000; v="46,43"[\r][\n]"
2021-09-12 21:42:27 DEBUG wire:73 - http-outgoing-0 << "Transfer-Encoding: chunked[\r][\n]"
2021-09-12 21:42:27 DEBUG wire:73 - http-outgoing-0 << "[\r][\n]"
2021-09-12 21:42:27 DEBUG wire:73 - http-outgoing-0 << "00000001[\r][\n]"
2021-09-12 21:42:27 DEBUG wire:73 - http-outgoing-0 << "[0x1f][\r][\n]"
2021-09-12 21:42:27 DEBUG wire:73 - http-outgoing-0 << "00000001[\r][\n]"
2021-09-12 21:42:27 DEBUG wire:73 - http-outgoing-0 << "[0x8b][\r][\n]"
2021-09-12 21:42:27 DEBUG wire:73 - http-outgoing-0 << "00000001[\r][\n]"
2021-09-12 21:42:27 DEBUG wire:73 - http-outgoing-0 << "[0x8][\r][\n]"
2021-09-12 21:42:27 DEBUG wire:73 - http-outgoing-0 << "00000001[\r][\n]"
2021-09-12 21:42:27 DEBUG wire:73 - http-outgoing-0 << "[0x0][\r][\n]"
2021-09-12 21:42:27 DEBUG wire:73 - http-outgoing-0 << "00000001[\r][\n]"
2021-09-12 21:42:27 DEBUG wire:73 - http-outgoing-0 << "[0x0][\r][\n]"
2021-09-12 21:42:27 DEBUG wire:73 - http-outgoing-0 << "00000001[\r][\n]"
2021-09-12 21:42:27 DEBUG wire:73 - http-outgoing-0 << "[0x0][\r][\n]"
2021-09-12 21:42:27 DEBUG wire:73 - http-outgoing-0 << "00000001[\r][\n]"
2021-09-12 21:42:27 DEBUG wire:73 - http-outgoing-0 << "[0x0][\r][\n]"
2021-09-12 21:42:27 DEBUG wire:73 - http-outgoing-0 << "00000001[\r][\n]"
2021-09-12 21:42:27 DEBUG wire:73 - http-outgoing-0 << "[0x0][\r][\n]"
2021-09-12 21:42:27 DEBUG wire:73 - http-outgoing-0 << "00000001[\r][\n]"
2021-09-12 21:42:27 DEBUG wire:73 - http-outgoing-0 << "[0x2][\r][\n]"
2021-09-12 21:42:27 DEBUG wire:73 - http-outgoing-0 << "00000001[\r][\n]"
2021-09-12 21:42:27 DEBUG wire:73 - http-outgoing-0 << "[0xff][\r][\n]"
2021-09-12 21:42:27 DEBUG wire:73 - http-outgoing-0 << "00000001[\r][\n]"
2021-09-12 21:42:27 DEBUG wire:73 - http-outgoing-0 << "E[\r][\n]"
2021-09-12 21:42:27 DEBUG wire:73 - http-outgoing-0 << "00000001[\r][\n]"
2021-09-12 21:42:27 DEBUG wire:73 - http-outgoing-0 << "[0x91][\r][\n]"
2021-09-12 21:42:27 DEBUG wire:73 - http-outgoing-0 << "00000001[\r][\n]"
2021-09-12 21:42:27 DEBUG wire:73 - http-outgoing-0 << "[0xcb][\r][\n]"
2021-09-12 21:42:27 DEBUG wire:73 - http-outgoing-0 << "00000001[\r][\n]"
2021-09-12 21:42:27 DEBUG wire:73 - http-outgoing-0 << "[0x92][\r][\n]"
2021-09-12 21:42:27 DEBUG wire:73 - http-outgoing-0 << "00000001[\r][\n]"
2021-09-12 21:42:27 DEBUG wire:73 - http-outgoing-0 << "[0xaa][\r][\n]"
2021-09-12 21:42:27 DEBUG wire:73 - http-outgoing-0 << "00000001[\r][\n]"
2021-09-12 21:42:27 DEBUG wire:73 - http-outgoing-0 << ":[\r][\n]"
2021-09-12 21:42:27 DEBUG wire:73 - http-outgoing-0 << "00000001[\r][\n]"
2021-09-12 21:42:27 DEBUG wire:73 - http-outgoing-0 << "[0x14][\r][\n]"
2021-09-12 21:42:27 DEBUG wire:73 - http-outgoing-0 << "01[\r][\n]"
2021-09-12 21:42:27 DEBUG wire:73 - http-outgoing-0 << "[0x86][\r][\n]"
2021-09-12 21:42:27 DEBUG wire:73 - http-outgoing-0 << "39c[\r][\n]"
2021-09-12 21:42:27 DEBUG wire:73 - http-outgoing-0 << "[0xe7][0xfb])[0xba]z|[0xb4]%[0x82][[0xf6][0xc][0x10][0x11]$A[0x5][0xe4]2[0xb1][0x2][0x89][0x10]n[0xa2] [0x8][0xa7][0xce][0xbb][0x1f][0xec][0x1e][0xec]Qj%[0x95][0xff][0xf2][0xad]}||[0xe2]8[0xa6]Msio9[0xad]>[0xff]||[0xe][0x18][0x88]s[0xbc][0x90]N[0xf][0x82][0xe1],s[0xa9][0xbf][0xce][0xdb][0x16][0x97][0xf8]0[\n]"
2021-09-12 21:42:27 DEBUG wire:87 - http-outgoing-0 << "[0x9a][0xa7][0xc3][0xa8][0xc][0xcb][[0x93][0x12]b[\r][0xe2]E[0xeb][0x89][0xba][0xec]9[0xbc][0x18]ls[0xec][0xf5]![0xe2][0x14][0xde]^[0x17][0x92][0xe7][0x1c]L[0x11][0xcb]L[0xaf]R[0xc9][0xa5][0xd0][0x81][0xf7]H[0xdb][0x1c][0xf2]N1[0xf4]D}[0xd6]i[0x8f]E[0x8f][0xee][0xe5][0x97]-[0xd8][0xca][0xd3][0xdd][0xd1][\r]q[0xf7]J[0x88][0x4][0xb6][0xa7][0x17][0xe9][0x8e][0x8a][0xdb]KN[0xae][0xba][0xf9][0xea][0xb4][0xd9][0x11][0xee]$Px[0xf5][0xbe]x[0xdd][0xd3][0xeb]s[0x7]?[0xff]y[0x7][0xa7][0xaf][0x9a]=hsa[0xef][0xd8]KA[0x14][0xbf]o[0x9b][0xf8]V[0xd3]w[0x8f][0xe9][0xa8][0x18][0xf9]H[0xdb][0xb6]n[0xfe]|}[0xf5]}?On[0xb7][0xa4][0xa0][0xb8]f[0xcd]<[0xbe][0x95]_[0xf8][0xd9][0xa6]_[0xcf][0x86]>Xu[0xbd][0xcd]i[0x89]Y[0xf1][0xa3][0xfc][0xcd][0xe2][0xd2][0xe]?B2[0xc5][0xf][0xfa][0xf8]ya[0xe4]/(:[0x18]i[0xa4][0xc5][0xcc]b[0x86][0xed][0x8e]:[0x87][0x98][0xde][0xe8]e[[0x87][0x8a][0xbe][0xd2][0xb3]x[0x1]3u[0x19]di[0x1e]x'[0x16]d[0x10] '[0xe6][0xe1][0xe8][0xf2]P[0xb][0x84][0xd0][0xc9][0x7][0xb4]I[0x96][0xe1]&[0xee][0xa1][0x87]r8[0xa6]e[0xe8][0x4][0xcc]T[0x8c][0x5][0xf5][0xa5][0xb7][0xe6][0xfe][0xcc][0x1d][0xd9][0xf5]8[0x9f]l[0xea]x[0x9][0xdf]Wi[0x0]PG<a[0x11][0xf]B[0x15][0x1][0xb1][0x8a]4[0xf7][0x19][0x0][0xb1][0xd5]Y[0xcf][0x2][0xbf][0xee][0xf5][0xec][0xc6],'[0x1f]'[0xab][0x1e]:[0x9][0x87][0xc6]c[0x1b]f[0xe7]![0xcc][0xe4][0xd1][0xd2][0xea]:,[0x8d][0x1c][0x82]z[0xc]5[0x91]Y[0xbe][0xba][0x8c]Fi[0x11][0x94]\[0x8d][0x1d]RY;[0xf5][0x19][0xf8]r[0xff]W[0xfb][0xcc][0xc5][0xe0]<L[0xfa]O[0xa2][0x9d][0x9f]D[0x11][0xb2][0x8],[0xde][0x11]S[0xe2][0x1d][0xa7]<[0xba]`9p[0xf2][0x90]^[0xd6][0xc6]]"[0x85]+[0x91]o[0x94]p[0x7]y\[0x16]eP[0x1e]G\[0xa1]<[0x2][0xba][0x10];[0xa4][0x83][0x9b][0x13][0x8b][0xbc][0xa2]F [0xe6]c[H[0xe3][0x9d]<[0x9a]%[0xe9]"@[0x9a][0xd0]?[0x8f][0xa1]oL[0xfa][0xc2]"[0x9c][0xfa][0x99]%[0xea]"{[0xc2]Y!.`o[0x9c][0xea][0xd4]g[0xa2][0xe0][0xe4]/[0xcb][0xd1][0x17][0xd6]"
2021-09-12 21:42:27 DEBUG headers:122 - http-outgoing-0 << HTTP/1.1 200 OK
2021-09-12 21:42:27 DEBUG headers:125 - http-outgoing-0 << Expires: Mon, 01 Jan 1990 00:00:00 GMT
2021-09-12 21:42:27 DEBUG headers:125 - http-outgoing-0 << Date: Sun, 12 Sep 2021 14:42:42 GMT
2021-09-12 21:42:27 DEBUG headers:125 - http-outgoing-0 << Cache-Control: no-cache, no-store, max-age=0, must-revalidate
2021-09-12 21:42:27 DEBUG headers:125 - http-outgoing-0 << Pragma: no-cache
2021-09-12 21:42:27 DEBUG headers:125 - http-outgoing-0 << Content-Type: application/json; charset=utf-8
2021-09-12 21:42:27 DEBUG headers:125 - http-outgoing-0 << Vary: Origin
2021-09-12 21:42:27 DEBUG headers:125 - http-outgoing-0 << Vary: X-Origin
2021-09-12 21:42:27 DEBUG headers:125 - http-outgoing-0 << Vary: Referer
2021-09-12 21:42:27 DEBUG headers:125 - http-outgoing-0 << Content-Encoding: gzip
2021-09-12 21:42:27 DEBUG headers:125 - http-outgoing-0 << Server: scaffolding on HTTPServer2
2021-09-12 21:42:27 DEBUG headers:125 - http-outgoing-0 << X-XSS-Protection: 0
2021-09-12 21:42:27 DEBUG headers:125 - http-outgoing-0 << X-Frame-Options: SAMEORIGIN
2021-09-12 21:42:27 DEBUG headers:125 - http-outgoing-0 << X-Content-Type-Options: nosniff
2021-09-12 21:42:27 DEBUG headers:125 - http-outgoing-0 << Alt-Svc: h3=":443"; ma=2592000,h3-29=":443"; ma=2592000,h3-T051=":443"; ma=2592000,h3-Q050=":443"; ma=2592000,h3-Q046=":443"; ma=2592000,h3-Q043=":443"; ma=2592000,quic=":443"; ma=2592000; v="46,43"
2021-09-12 21:42:27 DEBUG headers:125 - http-outgoing-0 << Transfer-Encoding: chunked
2021-09-12 21:42:27 DEBUG MainClientExec:285 - Connection can be kept alive indefinitely
2021-09-12 21:42:27 DEBUG wire:73 - http-outgoing-0 << "F[0x1d][0xd0][0xa8]N3[0xec][0xb0][0x9f][0xdb][0xc0]+[0x9a]w[0xc][0xb6]+[0xe2][0x89][0x19][0xf5][\r].^[0xc8]U[0xe4]m[0xeb][0xe8]o[0xf6][0xe2]{[0xde][0x8a]`[0xf2][0x9b]x[0x14][0xc5]{]dgp[0xa1][0xfd]fx[0xba]bm;[0xe2][0xf7][\n]"
2021-09-12 21:42:27 DEBUG wire:73 - http-outgoing-0 << "[0xab][0x82]#ej[0x87]jhZ[0xda][0xb][0x7].9:[0x0]A[0xe2]%[0xc2][0xc9][0x8b][0xdf]Zu[0xe0]O[0x1c]2[0x15][0xc0]Q]L[0xcc][0x97]([0xfb][0xce][0xc2][0xc7][0xd3][0xe8][0x4]#t[0x8e]`[0xca][0x8]`[0xb5][0x98][0xd7][0xe9]u[0x87]2[0xed][0xd6]7v[0xd0][0xfb][0xc5]*u-[0xdc]v[0xbc][0xd7]q[0xbc][0xb8]~TN,[0xf3]F[0x82][0x8c]cC[0x90][0xc][0x83][0x93]YJ'$mql8[0xf6]>[0xe3][0x80][0xa0]=h[0xde]"[0x13][0xcf][0xe8][0xeb]N[0xf7][0x1a]}[0x9c][0x8d]Wb[0xd9][0x9a]6[0x6]La[0xc0]y[0x1c]J[0x90]Z[0x15]Yq[0x86][0xda][0x7]l[0xbd][0xa5]z[0xdc]_-[0xf3][0x99]#[0x9b][0xc4][0x91][0xc9]sRR[0xdf][0xbb]T[0xf0][0xbb]Wp[0x8e][0x9b][0xca][0xa2]![0xcf][0x85][0xd9]}[0xe5][0xae]B[0x86][0xd7][0xa7][0xdc][0x1c][0xba]p7[0x93]y[0xb5]}[0x98][0x9b][0x8d][0x9b][0x93][0x84][0xa8][0xd7][0xdc][0x9b][0x1d]YQ[0x80][0xc7][0xec][0xe][0x8b][0xec][0xc0]-%[0x18][0xcf].[0xd9]m[0x10][0x7][0x93][0x0][0x8c][0xd2][0xce][0x96]{[0xbe][0xbe][0x86]h[0xb7][0xae][0x96][0x1c][0xf2][0x8e][0xc9][0xea]r>tq[0x93][0xa6][0x8a][0xc9][0x9d][0xfd][0xc7][0xb6][0x14]_[0xf7][0x95][0x82][0xee][0xe4]Z[0x83]u[0xe4]KI[0xa7]e[0x1d][0x16]6[0xce]2[0xd1][0xe][0xbd][0x98][0xb3]5[0x2][0xed][0xaa][0x94][0x15]?[0x10][0xe9][0x85][0x88].?[0xbb][0xeb][0xbf][0x85]<[0x17]J[0xed]^[0x9d][0xac][0xc6][0xc9][0xfc]a[0x3][0xaf]"[0xa9]2M[0x91]v[0x11][0xf1][0xe]U[0xcf][0xd5][0xbd][0xf4][0xf9][0xeb][0xbf][0xff][0x1][0x5][0x96][0xad]~[0xc6][0x4][0x0][0x0][\r][\n]"
2021-09-12 21:42:27 DEBUG wire:73 - http-outgoing-0 << "0[\r][\n]"
2021-09-12 21:42:27 DEBUG wire:73 - http-outgoing-0 << "[\r][\n]"
2021-09-12 21:42:27 DEBUG PoolingHttpClientConnectionManager:341 - Connection [id: 0][route: {s}->https://accounts.google.com:443] can be kept alive indefinitely
2021-09-12 21:42:27 DEBUG DefaultManagedHttpClientConnection:88 - http-outgoing-0: set socket timeout to 0
2021-09-12 21:42:27 DEBUG PoolingHttpClientConnectionManager:348 - Connection released: [id: 0][route: {s}->https://accounts.google.com:443][total kept alive: 1; route allocated: 1 of 100; total allocated: 1 of 200]
2021-09-12 21:42:27 DEBUG RequestAddCookies:123 - CookieSpec selected: default
2021-09-12 21:42:27 DEBUG RequestAuthCache:77 - Auth cache not set in the context
2021-09-12 21:42:27 DEBUG PoolingHttpClientConnectionManager:265 - Connection request: [route: {s}->https://www.googleapis.com:443][total kept alive: 1; route allocated: 0 of 100; total allocated: 1 of 200]
2021-09-12 21:42:27 DEBUG PoolingHttpClientConnectionManager:309 - Connection leased: [id: 1][route: {s}->https://www.googleapis.com:443][total kept alive: 1; route allocated: 1 of 100; total allocated: 2 of 200]
2021-09-12 21:42:27 DEBUG MainClientExec:235 - Opening connection {s}->https://www.googleapis.com:443
2021-09-12 21:42:27 DEBUG DefaultHttpClientConnectionOperator:139 - Connecting to www.googleapis.com/172.217.24.74:443
2021-09-12 21:42:27 DEBUG SSLConnectionSocketFactory:337 - Connecting socket to www.googleapis.com/172.217.24.74:443 with timeout 0
2021-09-12 21:42:28 DEBUG SSLConnectionSocketFactory:390 - Enabled protocols: [TLSv1.3, TLSv1.2]
2021-09-12 21:42:28 DEBUG SSLConnectionSocketFactory:391 - Enabled cipher suites:[TLS_AES_128_GCM_SHA256, TLS_AES_256_GCM_SHA384, TLS_ECDHE_ECDSA_WITH_AES_256_GCM_SHA384, TLS_ECDHE_ECDSA_WITH_AES_128_GCM_SHA256, TLS_ECDHE_RSA_WITH_AES_256_GCM_SHA384, TLS_RSA_WITH_AES_256_GCM_SHA384, TLS_ECDH_ECDSA_WITH_AES_256_GCM_SHA384, TLS_ECDH_RSA_WITH_AES_256_GCM_SHA384, TLS_DHE_RSA_WITH_AES_256_GCM_SHA384, TLS_DHE_DSS_WITH_AES_256_GCM_SHA384, TLS_ECDHE_RSA_WITH_AES_128_GCM_SHA256, TLS_RSA_WITH_AES_128_GCM_SHA256, TLS_ECDH_ECDSA_WITH_AES_128_GCM_SHA256, TLS_ECDH_RSA_WITH_AES_128_GCM_SHA256, TLS_DHE_RSA_WITH_AES_128_GCM_SHA256, TLS_DHE_DSS_WITH_AES_128_GCM_SHA256, TLS_ECDHE_ECDSA_WITH_AES_256_CBC_SHA384, TLS_ECDHE_RSA_WITH_AES_256_CBC_SHA384, TLS_RSA_WITH_AES_256_CBC_SHA256, TLS_ECDH_ECDSA_WITH_AES_256_CBC_SHA384, TLS_ECDH_RSA_WITH_AES_256_CBC_SHA384, TLS_DHE_RSA_WITH_AES_256_CBC_SHA256, TLS_DHE_DSS_WITH_AES_256_CBC_SHA256, TLS_ECDHE_ECDSA_WITH_AES_256_CBC_SHA, TLS_ECDHE_RSA_WITH_AES_256_CBC_SHA, TLS_RSA_WITH_AES_256_CBC_SHA, TLS_ECDH_ECDSA_WITH_AES_256_CBC_SHA, TLS_ECDH_RSA_WITH_AES_256_CBC_SHA, TLS_DHE_RSA_WITH_AES_256_CBC_SHA, TLS_DHE_DSS_WITH_AES_256_CBC_SHA, TLS_ECDHE_ECDSA_WITH_AES_128_CBC_SHA256, TLS_ECDHE_RSA_WITH_AES_128_CBC_SHA256, TLS_RSA_WITH_AES_128_CBC_SHA256, TLS_ECDH_ECDSA_WITH_AES_128_CBC_SHA256, TLS_ECDH_RSA_WITH_AES_128_CBC_SHA256, TLS_DHE_RSA_WITH_AES_128_CBC_SHA256, TLS_DHE_DSS_WITH_AES_128_CBC_SHA256, TLS_ECDHE_ECDSA_WITH_AES_128_CBC_SHA, TLS_ECDHE_RSA_WITH_AES_128_CBC_SHA, TLS_RSA_WITH_AES_128_CBC_SHA, TLS_ECDH_ECDSA_WITH_AES_128_CBC_SHA, TLS_ECDH_RSA_WITH_AES_128_CBC_SHA, TLS_DHE_RSA_WITH_AES_128_CBC_SHA, TLS_DHE_DSS_WITH_AES_128_CBC_SHA, TLS_EMPTY_RENEGOTIATION_INFO_SCSV]
2021-09-12 21:42:28 DEBUG SSLConnectionSocketFactory:395 - Starting handshake
2021-09-12 21:42:28 DEBUG SSLConnectionSocketFactory:425 - Secure session established
2021-09-12 21:42:28 DEBUG SSLConnectionSocketFactory:426 -  negotiated protocol: TLSv1.3
2021-09-12 21:42:28 DEBUG SSLConnectionSocketFactory:427 -  negotiated cipher suite: TLS_AES_128_GCM_SHA256
2021-09-12 21:42:28 DEBUG SSLConnectionSocketFactory:435 -  peer principal: CN=upload.video.google.com, O=Google LLC, L=Mountain View, ST=California, C=US
2021-09-12 21:42:28 DEBUG SSLConnectionSocketFactory:444 -  peer alternative names: [upload.video.google.com, *.clients.google.com, *.docs.google.com, *.drive.google.com, *.gdata.youtube.com, *.googleapis.com, *.photos.google.com, *.youtube-3rd-party.com, upload.google.com, *.upload.google.com, upload.youtube.com, *.upload.youtube.com, uploads.stage.gdata.youtube.com, bg-call-donation.goog, bg-call-donation-alpha.goog, bg-call-donation-canary.goog, bg-call-donation-dev.goog]
2021-09-12 21:42:28 DEBUG SSLConnectionSocketFactory:448 -  issuer principal: CN=GTS CA 1O1, O=Google Trust Services, C=US
2021-09-12 21:42:28 DEBUG DefaultHttpClientConnectionOperator:146 - Connection established 192.168.1.7:61896<->172.217.24.74:443
2021-09-12 21:42:28 DEBUG MainClientExec:256 - Executing request GET /oauth2/v1/userinfo?access_token=ya29.a0ARrdaM-jUeX8kttamaPz5GWIMbmZmoshddOy9_GwdE3w1a0ySXDQwIyb1C4S8lAWTPL9aBiInhAUeMTMqbGDPkvCJIgEuphwa9WeKBxS5SCuUHeDdUKCZN5iKe_AqNloxBgfILxvG-QMHA2lWpKlxq7efuHM HTTP/1.1
2021-09-12 21:42:28 DEBUG MainClientExec:261 - Target auth state: UNCHALLENGED
2021-09-12 21:42:28 DEBUG MainClientExec:267 - Proxy auth state: UNCHALLENGED
2021-09-12 21:42:28 DEBUG headers:133 - http-outgoing-1 >> GET /oauth2/v1/userinfo?access_token=ya29.a0ARrdaM-jUeX8kttamaPz5GWIMbmZmoshddOy9_GwdE3w1a0ySXDQwIyb1C4S8lAWTPL9aBiInhAUeMTMqbGDPkvCJIgEuphwa9WeKBxS5SCuUHeDdUKCZN5iKe_AqNloxBgfILxvG-QMHA2lWpKlxq7efuHM HTTP/1.1
2021-09-12 21:42:28 DEBUG headers:136 - http-outgoing-1 >> Host: www.googleapis.com
2021-09-12 21:42:28 DEBUG headers:136 - http-outgoing-1 >> Connection: Keep-Alive
2021-09-12 21:42:28 DEBUG headers:136 - http-outgoing-1 >> User-Agent: Apache-HttpClient/4.5.5 (Java/11.0.12)
2021-09-12 21:42:28 DEBUG headers:136 - http-outgoing-1 >> Accept-Encoding: gzip,deflate
2021-09-12 21:42:28 DEBUG wire:73 - http-outgoing-1 >> "GET /oauth2/v1/userinfo?access_token=ya29.a0ARrdaM-jUeX8kttamaPz5GWIMbmZmoshddOy9_GwdE3w1a0ySXDQwIyb1C4S8lAWTPL9aBiInhAUeMTMqbGDPkvCJIgEuphwa9WeKBxS5SCuUHeDdUKCZN5iKe_AqNloxBgfILxvG-QMHA2lWpKlxq7efuHM HTTP/1.1[\r][\n]"
2021-09-12 21:42:28 DEBUG wire:73 - http-outgoing-1 >> "Host: www.googleapis.com[\r][\n]"
2021-09-12 21:42:28 DEBUG wire:73 - http-outgoing-1 >> "Connection: Keep-Alive[\r][\n]"
2021-09-12 21:42:28 DEBUG wire:73 - http-outgoing-1 >> "User-Agent: Apache-HttpClient/4.5.5 (Java/11.0.12)[\r][\n]"
2021-09-12 21:42:28 DEBUG wire:73 - http-outgoing-1 >> "Accept-Encoding: gzip,deflate[\r][\n]"
2021-09-12 21:42:28 DEBUG wire:73 - http-outgoing-1 >> "[\r][\n]"
2021-09-12 21:42:28 DEBUG wire:73 - http-outgoing-1 << "HTTP/1.1 200 OK[\r][\n]"
2021-09-12 21:42:28 DEBUG wire:73 - http-outgoing-1 << "Expires: Mon, 01 Jan 1990 00:00:00 GMT[\r][\n]"
2021-09-12 21:42:28 DEBUG wire:73 - http-outgoing-1 << "Pragma: no-cache[\r][\n]"
2021-09-12 21:42:28 DEBUG wire:73 - http-outgoing-1 << "Date: Sun, 12 Sep 2021 14:42:42 GMT[\r][\n]"
2021-09-12 21:42:28 DEBUG wire:73 - http-outgoing-1 << "Cache-Control: no-cache, no-store, max-age=0, must-revalidate[\r][\n]"
2021-09-12 21:42:28 DEBUG wire:73 - http-outgoing-1 << "Content-Type: application/json; charset=UTF-8[\r][\n]"
2021-09-12 21:42:28 DEBUG wire:73 - http-outgoing-1 << "Vary: Origin[\r][\n]"
2021-09-12 21:42:28 DEBUG wire:73 - http-outgoing-1 << "Vary: X-Origin[\r][\n]"
2021-09-12 21:42:28 DEBUG wire:73 - http-outgoing-1 << "Vary: Referer[\r][\n]"
2021-09-12 21:42:28 DEBUG wire:73 - http-outgoing-1 << "Content-Encoding: gzip[\r][\n]"
2021-09-12 21:42:28 DEBUG wire:73 - http-outgoing-1 << "Server: ESF[\r][\n]"
2021-09-12 21:42:28 DEBUG wire:73 - http-outgoing-1 << "X-XSS-Protection: 0[\r][\n]"
2021-09-12 21:42:28 DEBUG wire:73 - http-outgoing-1 << "X-Frame-Options: SAMEORIGIN[\r][\n]"
2021-09-12 21:42:28 DEBUG wire:73 - http-outgoing-1 << "X-Content-Type-Options: nosniff[\r][\n]"
2021-09-12 21:42:28 DEBUG wire:73 - http-outgoing-1 << "Alt-Svc: h3=":443"; ma=2592000,h3-29=":443"; ma=2592000,h3-T051=":443"; ma=2592000,h3-Q050=":443"; ma=2592000,h3-Q046=":443"; ma=2592000,h3-Q043=":443"; ma=2592000,quic=":443"; ma=2592000; v="46,43"[\r][\n]"
2021-09-12 21:42:28 DEBUG wire:73 - http-outgoing-1 << "Transfer-Encoding: chunked[\r][\n]"
2021-09-12 21:42:28 DEBUG wire:73 - http-outgoing-1 << "[\r][\n]"
2021-09-12 21:42:28 DEBUG wire:73 - http-outgoing-1 << "00000001[\r][\n]"
2021-09-12 21:42:28 DEBUG wire:73 - http-outgoing-1 << "[0x1f][\r][\n]"
2021-09-12 21:42:28 DEBUG wire:73 - http-outgoing-1 << "00000001[\r][\n]"
2021-09-12 21:42:28 DEBUG wire:73 - http-outgoing-1 << "[0x8b][\r][\n]"
2021-09-12 21:42:28 DEBUG wire:73 - http-outgoing-1 << "00000001[\r][\n]"
2021-09-12 21:42:28 DEBUG wire:73 - http-outgoing-1 << "[0x8][\r][\n]"
2021-09-12 21:42:28 DEBUG wire:73 - http-outgoing-1 << "00000001[\r][\n]"
2021-09-12 21:42:28 DEBUG wire:73 - http-outgoing-1 << "[0x0][\r][\n]"
2021-09-12 21:42:28 DEBUG wire:73 - http-outgoing-1 << "00000001[\r][\n]"
2021-09-12 21:42:28 DEBUG wire:73 - http-outgoing-1 << "[0x0][\r][\n]"
2021-09-12 21:42:28 DEBUG wire:73 - http-outgoing-1 << "00000001[\r][\n]"
2021-09-12 21:42:28 DEBUG wire:73 - http-outgoing-1 << "[0x0][\r][\n]"
2021-09-12 21:42:28 DEBUG wire:73 - http-outgoing-1 << "00000001[\r][\n]"
2021-09-12 21:42:28 DEBUG wire:73 - http-outgoing-1 << "[0x0][\r][\n]"
2021-09-12 21:42:28 DEBUG wire:73 - http-outgoing-1 << "00000001[\r][\n]"
2021-09-12 21:42:28 DEBUG wire:73 - http-outgoing-1 << "[0x0][\r][\n]"
2021-09-12 21:42:28 DEBUG wire:73 - http-outgoing-1 << "00000001[\r][\n]"
2021-09-12 21:42:28 DEBUG wire:73 - http-outgoing-1 << "[0x2][\r][\n]"
2021-09-12 21:42:28 DEBUG wire:73 - http-outgoing-1 << "00000001[\r][\n]"
2021-09-12 21:42:28 DEBUG wire:73 - http-outgoing-1 << "[0xff][\r][\n]"
2021-09-12 21:42:28 DEBUG wire:73 - http-outgoing-1 << "01[\r][\n]"
2021-09-12 21:42:28 DEBUG wire:73 - http-outgoing-1 << "5[\r][\n]"
2021-09-12 21:42:28 DEBUG wire:73 - http-outgoing-1 << "b6[\r][\n]"
2021-09-12 21:42:28 DEBUG wire:73 - http-outgoing-1 << "[0xcc][0xcb][\n]"
2021-09-12 21:42:28 DEBUG wire:73 - http-outgoing-1 << "[0xc2]0[0x14][0x4][0xd0]}[0xbf][0xa2]dmm[0xaf][0x95][0xc4][\n]"
2021-09-12 21:42:28 DEBUG wire:73 - http-outgoing-1 << "[0x82][\n]"
2021-09-12 21:42:28 DEBUG wire:73 - http-outgoing-1 << "[0xa2][0xe2][0xc2][0x17][0x82][0xba][0x91][0x1a][0xaf]mlkj[0x9a][0xf8][0xc4][0x97](ng[0xce][0xcc][0xcb]q]"[0xe][0xa4][0xed][0x12][0x8][0x80]1[0x88] j4[[0xd0]`[0xc0] [0xc]([0xa9]Y[0x80]E,rk[0xb2][0xf8]i$(Su[0x13][0x9b][0xd5][0xb9],~[0xe4][0x8a]J[0x1c][0x5][0x1e]v[0xab][0x95][0xc1]oS[\n]"
2021-09-12 21:42:28 DEBUG wire:73 - http-outgoing-1 << "[0xae][0x8d]B;O[0xb5].[0xab][0xb6][0xef][0xe7]iXO[0xa4]Lr4[0x15]*.[0xcf][0x1a][0xcf][0xda]~[0xf9][0xb1][0xe7][0xf7][0xa6])4[0x87][0x89][0x8c]W[0x9b][0x2]7[0xeb]S[0xc9][0xf6][0xe9][0x91]N[0xb2][0xfe]e|[0x1f][\r][0xe8],[0xd8][0x9a][0xf9]by[0x2]z[0x1b][0xb4][0xbc][[0xa7][0x8a][0xa8][0xc7][0x89][0xf3]v>[0x95]+[0xf4]l[0xcb][0x0][0x0][0x0][\r][\n]"
2021-09-12 21:42:28 DEBUG headers:122 - http-outgoing-1 << HTTP/1.1 200 OK
2021-09-12 21:42:28 DEBUG headers:125 - http-outgoing-1 << Expires: Mon, 01 Jan 1990 00:00:00 GMT
2021-09-12 21:42:28 DEBUG headers:125 - http-outgoing-1 << Pragma: no-cache
2021-09-12 21:42:28 DEBUG headers:125 - http-outgoing-1 << Date: Sun, 12 Sep 2021 14:42:42 GMT
2021-09-12 21:42:28 DEBUG headers:125 - http-outgoing-1 << Cache-Control: no-cache, no-store, max-age=0, must-revalidate
2021-09-12 21:42:28 DEBUG headers:125 - http-outgoing-1 << Content-Type: application/json; charset=UTF-8
2021-09-12 21:42:28 DEBUG headers:125 - http-outgoing-1 << Vary: Origin
2021-09-12 21:42:28 DEBUG headers:125 - http-outgoing-1 << Vary: X-Origin
2021-09-12 21:42:28 DEBUG headers:125 - http-outgoing-1 << Vary: Referer
2021-09-12 21:42:28 DEBUG headers:125 - http-outgoing-1 << Content-Encoding: gzip
2021-09-12 21:42:28 DEBUG headers:125 - http-outgoing-1 << Server: ESF
2021-09-12 21:42:28 DEBUG headers:125 - http-outgoing-1 << X-XSS-Protection: 0
2021-09-12 21:42:28 DEBUG headers:125 - http-outgoing-1 << X-Frame-Options: SAMEORIGIN
2021-09-12 21:42:28 DEBUG headers:125 - http-outgoing-1 << X-Content-Type-Options: nosniff
2021-09-12 21:42:28 DEBUG headers:125 - http-outgoing-1 << Alt-Svc: h3=":443"; ma=2592000,h3-29=":443"; ma=2592000,h3-T051=":443"; ma=2592000,h3-Q050=":443"; ma=2592000,h3-Q046=":443"; ma=2592000,h3-Q043=":443"; ma=2592000,quic=":443"; ma=2592000; v="46,43"
2021-09-12 21:42:28 DEBUG headers:125 - http-outgoing-1 << Transfer-Encoding: chunked
2021-09-12 21:42:28 DEBUG MainClientExec:285 - Connection can be kept alive indefinitely
2021-09-12 21:42:28 DEBUG wire:73 - http-outgoing-1 << "0[\r][\n]"
2021-09-12 21:42:28 DEBUG wire:73 - http-outgoing-1 << "[\r][\n]"
2021-09-12 21:42:28 DEBUG PoolingHttpClientConnectionManager:341 - Connection [id: 1][route: {s}->https://www.googleapis.com:443] can be kept alive indefinitely
2021-09-12 21:42:28 DEBUG DefaultManagedHttpClientConnection:88 - http-outgoing-1: set socket timeout to 0
2021-09-12 21:42:28 DEBUG PoolingHttpClientConnectionManager:348 - Connection released: [id: 1][route: {s}->https://www.googleapis.com:443][total kept alive: 2; route allocated: 1 of 100; total allocated: 2 of 200]
